TN:
SF:encode/index.js
FN:18,(anonymous_0)
FN:29,(anonymous_1)
FN:42,(anonymous_2)
FN:55,(anonymous_3)
FN:68,(anonymous_4)
FN:81,(anonymous_5)
FN:119,(anonymous_6)
FN:123,stripExtension
FN:127,(anonymous_8)
FN:188,(anonymous_9)
FNF:10
FNH:10
FNDA:5,(anonymous_0)
FNDA:5,(anonymous_1)
FNDA:5,(anonymous_2)
FNDA:5,(anonymous_3)
FNDA:5,(anonymous_4)
FNDA:5,(anonymous_5)
FNDA:4,(anonymous_6)
FNDA:5,stripExtension
FNDA:5,(anonymous_8)
FNDA:4,(anonymous_9)
DA:14,1
DA:15,1
DA:16,1
DA:18,5
DA:29,5
DA:42,5
DA:55,5
DA:68,5
DA:81,5
DA:119,1
DA:120,4
DA:124,5
DA:127,1
DA:128,5
DA:130,5
DA:135,5
DA:136,5
DA:137,5
DA:139,5
DA:140,5
DA:143,5
DA:175,5
DA:176,5
DA:177,5
DA:178,5
DA:179,5
DA:180,5
DA:182,5
DA:183,4
DA:188,4
DA:189,4
DA:191,4
DA:193,0
DA:194,0
DA:195,0
DA:198,4
DA:199,4
DA:200,4
DA:203,0
DA:204,0
DA:205,0
DA:208,0
DA:209,0
DA:210,0
DA:213,0
DA:214,0
DA:215,0
DA:218,4
DA:219,4
DA:221,4
DA:222,4
DA:226,4
DA:227,1
DA:232,4
DA:233,3
DA:234,3
DA:235,3
DA:237,4
DA:239,4
DA:240,3
DA:241,3
DA:243,3
DA:245,2
DA:246,2
DA:249,3
LF:65
LH:53
BRDA:191,0,0,0
BRDA:191,0,1,4
BRDA:191,0,2,0
BRDA:191,0,3,0
BRDA:191,0,4,0
BRDA:218,1,0,4
BRDA:218,1,1,0
BRDA:226,2,0,1
BRDA:226,2,1,3
BRDA:232,3,0,3
BRDA:232,3,1,1
BRDA:232,4,0,4
BRDA:232,4,1,2
BRF:13
BRH:8
end_of_record
TN:
SF:encode/lib/error.js
FN:16,(anonymous_0)
FNF:1
FNH:1
FNDA:2,(anonymous_0)
DA:14,1
DA:16,1
DA:17,2
DA:21,2
DA:22,2
DA:29,2
DA:34,2
DA:36,0
DA:37,0
DA:40,2
DA:43,1
LF:11
LH:9
BRF:0
BRH:0
end_of_record
