TN:
SF:output-validate/index.js
FN:18,(anonymous_0)
FN:20,(anonymous_1)
FN:49,(anonymous_2)
FN:68,(anonymous_3)
FNF:4
FNH:4
FNDA:6,(anonymous_0)
FNDA:5,(anonymous_1)
FNDA:5,(anonymous_2)
FNDA:1,(anonymous_3)
DA:14,1
DA:15,1
DA:16,1
DA:18,6
DA:20,1
DA:21,5
DA:23,5
DA:28,5
DA:30,5
DA:32,5
DA:34,5
DA:41,5
DA:42,4
DA:44,4
DA:45,4
DA:46,4
DA:49,4
DA:50,5
DA:52,5
DA:54,1
DA:55,1
DA:57,1
DA:60,1
DA:61,1
DA:63,1
DA:66,1
DA:67,1
DA:68,1
DA:70,1
DA:71,1
DA:72,1
DA:76,1
DA:77,1
DA:78,1
DA:81,1
DA:84,1
DA:85,1
DA:87,1
DA:90,1
DA:91,1
DA:93,1
DA:94,1
DA:96,1
DA:99,0
DA:107,4
DA:109,0
DA:110,0
DA:112,0
DA:117,0
DA:119,0
DA:120,0
DA:121,0
DA:122,0
DA:124,0
DA:130,1
DA:131,1
DA:133,4
LF:57
LH:47
BRDA:52,0,0,1
BRDA:52,0,1,1
BRDA:52,0,2,1
BRDA:52,0,3,1
BRDA:52,0,4,1
BRDA:52,0,5,0
BRDA:70,1,0,1
BRDA:70,1,1,0
BRDA:76,2,0,1
BRDA:76,2,1,0
BRDA:76,3,0,1
BRDA:76,3,1,1
BRDA:107,4,0,0
BRDA:107,4,1,4
BRDA:119,5,0,0
BRDA:119,5,1,0
BRF:16
BRH:10
end_of_record
TN:
SF:output-validate/lib/error.js
FN:16,(anonymous_0)
FNF:1
FNH:1
FNDA:1,(anonymous_0)
DA:14,1
DA:16,1
DA:17,1
DA:21,1
DA:22,1
DA:29,1
DA:34,1
DA:36,0
DA:37,0
DA:40,1
DA:43,1
LF:11
LH:9
BRF:0
BRH:0
end_of_record
TN:
SF:output-validate/lib/test-events.js
FNF:0
FNH:0
DA:1,1
DA:32,1
DA:58,1
DA:97,1
LF:4
LH:4
BRF:0
BRH:0
end_of_record
