TN:
SF:dynamo/index.js
FN:17,(anonymous_0)
FN:34,(anonymous_1)
FNF:2
FNH:2
FNDA:2,(anonymous_0)
FNDA:2,(anonymous_1)
DA:14,1
DA:15,1
DA:17,1
DA:18,2
DA:20,2
DA:25,2
DA:28,2
DA:29,2
DA:30,2
DA:31,2
DA:32,2
DA:34,2
DA:35,2
DA:36,2
DA:37,2
DA:40,2
DA:50,2
DA:51,2
DA:54,1
DA:56,1
DA:57,1
DA:60,1
LF:22
LH:22
BRF:0
BRH:0
end_of_record
TN:
SF:dynamo/lib/error.js
FN:16,(anonymous_0)
FNF:1
FNH:1
FNDA:1,(anonymous_0)
DA:14,1
DA:16,1
DA:17,1
DA:21,1
DA:22,1
DA:29,1
DA:34,1
DA:36,0
DA:37,0
DA:40,1
DA:43,1
LF:11
LH:9
BRF:0
BRH:0
end_of_record
