{"/codebuild/output/src986986522/src/source/custom-resource/lib/cfn/index.js": {"path":"/codebuild/output/src986986522/src/source/custom-resource/lib/cfn/index.js","statementMap":{"0":{"start":{"line":14,"column":14},"end":{"line":14,"column":30}},"1":{"start":{"line":16,"column":19},"end":{"line":43,"column":1}},"2":{"start":{"line":19,"column":25},"end":{"line":27,"column":6}},"3":{"start":{"line":29,"column":19},"end":{"line":38,"column":5}},"4":{"start":{"line":40,"column":4},"end":{"line":40,"column":31}},"5":{"start":{"line":42,"column":4},"end":{"line":42,"column":23}},"6":{"start":{"line":45,"column":0},"end":{"line":47,"column":2}}},"fnMap":{"0":{"name":"(anonymous_0)","decl":{"start":{"line":16,"column":19},"end":{"line":16,"column":20}},"loc":{"start":{"line":16,"column":75},"end":{"line":43,"column":1}},"line":16}},"branchMap":{},"s":{"0":1,"1":1,"2":2,"3":2,"4":2,"5":1,"6":1},"f":{"0":2},"b":{},"_coverageSchema":"1a1c01bbd47fc00a2c39e90264f33305004495a9","hash":"ebfb7562f7a0b6f79362f50f621df9b4f79e3d0c"}
,"/codebuild/output/src986986522/src/source/custom-resource/lib/mediaconvert/index.js": {"path":"/codebuild/output/src986986522/src/source/custom-resource/lib/mediaconvert/index.js","statementMap":{"0":{"start":{"line":14,"column":11},"end":{"line":14,"column":24}},"1":{"start":{"line":15,"column":12},"end":{"line":15,"column":30}},"2":{"start":{"line":17,"column":17},"end":{"line":17,"column":22}},"3":{"start":{"line":18,"column":20},"end":{"line":18,"column":44}},"4":{"start":{"line":20,"column":20},"end":{"line":97,"column":1}},"5":{"start":{"line":100,"column":22},"end":{"line":113,"column":1}},"6":{"start":{"line":115,"column":30},"end":{"line":128,"column":1}},"7":{"start":{"line":131,"column":30},"end":{"line":144,"column":1}},"8":{"start":{"line":146,"column":38},"end":{"line":159,"column":1}},"9":{"start":{"line":162,"column":21},"end":{"line":169,"column":1}},"10":{"start":{"line":163,"column":25},"end":{"line":163,"column":97}},"11":{"start":{"line":164,"column":17},"end":{"line":164,"column":65}},"12":{"start":{"line":166,"column":4},"end":{"line":168,"column":6}},"13":{"start":{"line":171,"column":25},"end":{"line":181,"column":1}},"14":{"start":{"line":172,"column":4},"end":{"line":180,"column":5}},"15":{"start":{"line":174,"column":21},"end":{"line":174,"column":67}},"16":{"start":{"line":175,"column":8},"end":{"line":175,"column":46}},"17":{"start":{"line":176,"column":8},"end":{"line":176,"column":47}},"18":{"start":{"line":178,"column":8},"end":{"line":178,"column":59}},"19":{"start":{"line":179,"column":8},"end":{"line":179,"column":57}},"20":{"start":{"line":183,"column":15},"end":{"line":194,"column":1}},"21":{"start":{"line":184,"column":25},"end":{"line":188,"column":6}},"22":{"start":{"line":190,"column":4},"end":{"line":190,"column":90}},"23":{"start":{"line":191,"column":4},"end":{"line":191,"column":82}},"24":{"start":{"line":193,"column":4},"end":{"line":193,"column":21}},"25":{"start":{"line":196,"column":15},"end":{"line":221,"column":1}},"26":{"start":{"line":197,"column":25},"end":{"line":201,"column":6}},"27":{"start":{"line":203,"column":28},"end":{"line":203,"column":35}},"28":{"start":{"line":204,"column":15},"end":{"line":204,"column":84}},"29":{"start":{"line":207,"column":4},"end":{"line":211,"column":7}},"30":{"start":{"line":208,"column":8},"end":{"line":210,"column":9}},"31":{"start":{"line":209,"column":12},"end":{"line":209,"column":39}},"32":{"start":{"line":214,"column":4},"end":{"line":218,"column":5}},"33":{"start":{"line":215,"column":8},"end":{"line":215,"column":57}},"34":{"start":{"line":216,"column":8},"end":{"line":216,"column":86}},"35":{"start":{"line":217,"column":8},"end":{"line":217,"column":94}},"36":{"start":{"line":220,"column":4},"end":{"line":220,"column":21}},"37":{"start":{"line":223,"column":23},"end":{"line":230,"column":1}},"38":{"start":{"line":224,"column":4},"end":{"line":229,"column":5}},"39":{"start":{"line":225,"column":19},"end":{"line":225,"column":42}},"40":{"start":{"line":227,"column":8},"end":{"line":227,"column":62}},"41":{"start":{"line":228,"column":8},"end":{"line":228,"column":48}},"42":{"start":{"line":232,"column":25},"end":{"line":239,"column":1}},"43":{"start":{"line":233,"column":4},"end":{"line":238,"column":5}},"44":{"start":{"line":234,"column":19},"end":{"line":234,"column":40}},"45":{"start":{"line":236,"column":8},"end":{"line":236,"column":67}},"46":{"start":{"line":237,"column":8},"end":{"line":237,"column":50}},"47":{"start":{"line":241,"column":15},"end":{"line":264,"column":1}},"48":{"start":{"line":242,"column":25},"end":{"line":246,"column":6}},"49":{"start":{"line":248,"column":4},"end":{"line":261,"column":5}},"50":{"start":{"line":249,"column":8},"end":{"line":249,"column":94}},"51":{"start":{"line":250,"column":8},"end":{"line":250,"column":86}},"52":{"start":{"line":254,"column":8},"end":{"line":254,"column":78}},"53":{"start":{"line":255,"column":8},"end":{"line":255,"column":85}},"54":{"start":{"line":256,"column":8},"end":{"line":256,"column":74}},"55":{"start":{"line":259,"column":8},"end":{"line":259,"column":25}},"56":{"start":{"line":260,"column":8},"end":{"line":260,"column":18}},"57":{"start":{"line":263,"column":4},"end":{"line":263,"column":21}},"58":{"start":{"line":266,"column":0},"end":{"line":271,"column":2}}},"fnMap":{"0":{"name":"(anonymous_0)","decl":{"start":{"line":162,"column":21},"end":{"line":162,"column":22}},"loc":{"start":{"line":162,"column":33},"end":{"line":169,"column":1}},"line":162},"1":{"name":"(anonymous_1)","decl":{"start":{"line":171,"column":25},"end":{"line":171,"column":26}},"loc":{"start":{"line":171,"column":67},"end":{"line":181,"column":1}},"line":171},"2":{"name":"(anonymous_2)","decl":{"start":{"line":183,"column":15},"end":{"line":183,"column":16}},"loc":{"start":{"line":183,"column":33},"end":{"line":194,"column":1}},"line":183},"3":{"name":"(anonymous_3)","decl":{"start":{"line":196,"column":15},"end":{"line":196,"column":16}},"loc":{"start":{"line":196,"column":33},"end":{"line":221,"column":1}},"line":196},"4":{"name":"(anonymous_4)","decl":{"start":{"line":207,"column":30},"end":{"line":207,"column":31}},"loc":{"start":{"line":207,"column":42},"end":{"line":211,"column":5}},"line":207},"5":{"name":"(anonymous_5)","decl":{"start":{"line":223,"column":23},"end":{"line":223,"column":24}},"loc":{"start":{"line":223,"column":63},"end":{"line":230,"column":1}},"line":223},"6":{"name":"(anonymous_6)","decl":{"start":{"line":232,"column":25},"end":{"line":232,"column":26}},"loc":{"start":{"line":232,"column":67},"end":{"line":239,"column":1}},"line":232},"7":{"name":"(anonymous_7)","decl":{"start":{"line":241,"column":15},"end":{"line":241,"column":16}},"loc":{"start":{"line":241,"column":33},"end":{"line":264,"column":1}},"line":241}},"branchMap":{"0":{"loc":{"start":{"line":208,"column":8},"end":{"line":210,"column":9}},"type":"if","locations":[{"start":{"line":208,"column":8},"end":{"line":210,"column":9}},{"start":{},"end":{}}],"line":208},"1":{"loc":{"start":{"line":208,"column":12},"end":{"line":208,"column":92}},"type":"binary-expr","locations":[{"start":{"line":208,"column":12},"end":{"line":208,"column":52}},{"start":{"line":208,"column":56},"end":{"line":208,"column":92}}],"line":208},"2":{"loc":{"start":{"line":214,"column":4},"end":{"line":218,"column":5}},"type":"if","locations":[{"start":{"line":214,"column":4},"end":{"line":218,"column":5}},{"start":{},"end":{}}],"line":214}},"s":{"0":1,"1":1,"2":1,"3":1,"4":1,"5":1,"6":1,"7":1,"8":1,"9":1,"10":2,"11":2,"12":1,"13":1,"14":7,"15":19,"16":19,"17":19,"18":19,"19":18,"20":1,"21":2,"22":2,"23":1,"24":1,"25":1,"26":4,"27":4,"28":4,"29":3,"30":3,"31":1,"32":3,"33":2,"34":2,"35":2,"36":3,"37":1,"38":1,"39":19,"40":19,"41":19,"42":1,"43":4,"44":12,"45":12,"46":12,"47":1,"48":1,"49":1,"50":1,"51":1,"52":1,"53":1,"54":1,"55":0,"56":0,"57":1,"58":1},"f":{"0":2,"1":7,"2":2,"3":4,"4":3,"5":1,"6":4,"7":1},"b":{"0":[1,2],"1":[3,3],"2":[2,1]},"_coverageSchema":"1a1c01bbd47fc00a2c39e90264f33305004495a9","hash":"a16340927efa784f06c4193539290a042f9730bd"}
,"/codebuild/output/src986986522/src/source/custom-resource/lib/mediapackage/cloudfront.js": {"path":"/codebuild/output/src986986522/src/source/custom-resource/lib/mediapackage/cloudfront.js","statementMap":{"0":{"start":{"line":14,"column":12},"end":{"line":14,"column":30}},"1":{"start":{"line":15,"column":17},"end":{"line":15,"column":30}},"2":{"start":{"line":17,"column":0},"end":{"line":112,"column":2}},"3":{"start":{"line":18,"column":4},"end":{"line":20,"column":5}},"4":{"start":{"line":19,"column":8},"end":{"line":19,"column":59}},"5":{"start":{"line":22,"column":4},"end":{"line":24,"column":5}},"6":{"start":{"line":23,"column":8},"end":{"line":23,"column":55}},"7":{"start":{"line":26,"column":23},"end":{"line":26,"column":93}},"8":{"start":{"line":27,"column":21},"end":{"line":27,"column":93}},"9":{"start":{"line":28,"column":19},"end":{"line":28,"column":46}},"10":{"start":{"line":30,"column":25},"end":{"line":30,"column":80}},"11":{"start":{"line":30,"column":59},"end":{"line":30,"column":79}},"12":{"start":{"line":31,"column":4},"end":{"line":34,"column":5}},"13":{"start":{"line":32,"column":8},"end":{"line":32,"column":99}},"14":{"start":{"line":33,"column":8},"end":{"line":33,"column":15}},"15":{"start":{"line":36,"column":4},"end":{"line":36,"column":83}},"16":{"start":{"line":37,"column":16},"end":{"line":37,"column":35}},"17":{"start":{"line":39,"column":25},"end":{"line":52,"column":5}},"18":{"start":{"line":54,"column":4},"end":{"line":54,"column":70}},"19":{"start":{"line":56,"column":27},"end":{"line":87,"column":5}},"20":{"start":{"line":89,"column":4},"end":{"line":93,"column":5}},"21":{"start":{"line":90,"column":8},"end":{"line":90,"column":57}},"22":{"start":{"line":92,"column":8},"end":{"line":92,"column":55}},"23":{"start":{"line":95,"column":4},"end":{"line":95,"column":72}},"24":{"start":{"line":97,"column":4},"end":{"line":111,"column":5}},"25":{"start":{"line":98,"column":23},"end":{"line":102,"column":9}},"26":{"start":{"line":104,"column":8},"end":{"line":104,"column":62}},"27":{"start":{"line":105,"column":8},"end":{"line":105,"column":82}},"28":{"start":{"line":106,"column":8},"end":{"line":106,"column":97}},"29":{"start":{"line":108,"column":8},"end":{"line":110,"column":9}},"30":{"start":{"line":109,"column":12},"end":{"line":109,"column":24}}},"fnMap":{"0":{"name":"(anonymous_0)","decl":{"start":{"line":17,"column":33},"end":{"line":17,"column":34}},"loc":{"start":{"line":17,"column":71},"end":{"line":112,"column":1}},"line":17},"1":{"name":"(anonymous_1)","decl":{"start":{"line":30,"column":51},"end":{"line":30,"column":52}},"loc":{"start":{"line":30,"column":59},"end":{"line":30,"column":79}},"line":30}},"branchMap":{"0":{"loc":{"start":{"line":18,"column":4},"end":{"line":20,"column":5}},"type":"if","locations":[{"start":{"line":18,"column":4},"end":{"line":20,"column":5}},{"start":{},"end":{}}],"line":18},"1":{"loc":{"start":{"line":22,"column":4},"end":{"line":24,"column":5}},"type":"if","locations":[{"start":{"line":22,"column":4},"end":{"line":24,"column":5}},{"start":{},"end":{}}],"line":22},"2":{"loc":{"start":{"line":31,"column":4},"end":{"line":34,"column":5}},"type":"if","locations":[{"start":{"line":31,"column":4},"end":{"line":34,"column":5}},{"start":{},"end":{}}],"line":31},"3":{"loc":{"start":{"line":46,"column":23},"end":{"line":46,"column":38}},"type":"binary-expr","locations":[{"start":{"line":46,"column":23},"end":{"line":46,"column":31}},{"start":{"line":46,"column":35},"end":{"line":46,"column":38}}],"line":46},"4":{"loc":{"start":{"line":89,"column":4},"end":{"line":93,"column":5}},"type":"if","locations":[{"start":{"line":89,"column":4},"end":{"line":93,"column":5}},{"start":{"line":91,"column":11},"end":{"line":93,"column":5}}],"line":89},"5":{"loc":{"start":{"line":108,"column":8},"end":{"line":110,"column":9}},"type":"if","locations":[{"start":{"line":108,"column":8},"end":{"line":110,"column":9}},{"start":{},"end":{}}],"line":108}},"s":{"0":2,"1":2,"2":2,"3":11,"4":1,"5":10,"6":1,"7":9,"8":9,"9":8,"10":8,"11":9,"12":8,"13":4,"14":4,"15":4,"16":4,"17":4,"18":4,"19":4,"20":4,"21":0,"22":4,"23":4,"24":4,"25":4,"26":4,"27":2,"28":2,"29":2,"30":1},"f":{"0":11,"1":9},"b":{"0":[1,10],"1":[1,9],"2":[4,4],"3":[4,4],"4":[0,4],"5":[1,1]},"_coverageSchema":"1a1c01bbd47fc00a2c39e90264f33305004495a9","hash":"3295f7bafe68d84e8abe90a37a12a6b84b4a7d4b"}
,"/codebuild/output/src986986522/src/source/custom-resource/lib/mediapackage/index.js": {"path":"/codebuild/output/src986986522/src/source/custom-resource/lib/mediapackage/index.js","statementMap":{"0":{"start":{"line":14,"column":12},"end":{"line":14,"column":30}},"1":{"start":{"line":15,"column":15},"end":{"line":15,"column":32}},"2":{"start":{"line":16,"column":25},"end":{"line":16,"column":48}},"3":{"start":{"line":18,"column":31},"end":{"line":18,"column":32}},"4":{"start":{"line":19,"column":42},"end":{"line":19,"column":44}},"5":{"start":{"line":20,"column":30},"end":{"line":20,"column":37}},"6":{"start":{"line":22,"column":25},"end":{"line":36,"column":2}},"7":{"start":{"line":22,"column":49},"end":{"line":36,"column":1}},"8":{"start":{"line":38,"column":26},"end":{"line":49,"column":2}},"9":{"start":{"line":38,"column":50},"end":{"line":49,"column":1}},"10":{"start":{"line":51,"column":25},"end":{"line":60,"column":2}},"11":{"start":{"line":51,"column":49},"end":{"line":60,"column":1}},"12":{"start":{"line":62,"column":26},"end":{"line":75,"column":2}},"13":{"start":{"line":62,"column":50},"end":{"line":75,"column":1}},"14":{"start":{"line":77,"column":15},"end":{"line":134,"column":1}},"15":{"start":{"line":78,"column":28},"end":{"line":78,"column":103}},"16":{"start":{"line":79,"column":21},"end":{"line":79,"column":58}},"17":{"start":{"line":81,"column":22},"end":{"line":84,"column":5}},"18":{"start":{"line":86,"column":27},"end":{"line":86,"column":92}},"19":{"start":{"line":87,"column":18},"end":{"line":87,"column":23}},"20":{"start":{"line":89,"column":27},"end":{"line":89,"column":93}},"21":{"start":{"line":90,"column":4},"end":{"line":122,"column":5}},"22":{"start":{"line":91,"column":21},"end":{"line":91,"column":23}},"23":{"start":{"line":93,"column":8},"end":{"line":114,"column":9}},"24":{"start":{"line":95,"column":16},"end":{"line":95,"column":97}},"25":{"start":{"line":96,"column":16},"end":{"line":96,"column":22}},"26":{"start":{"line":99,"column":16},"end":{"line":99,"column":99}},"27":{"start":{"line":100,"column":16},"end":{"line":100,"column":22}},"28":{"start":{"line":103,"column":16},"end":{"line":103,"column":97}},"29":{"start":{"line":104,"column":16},"end":{"line":104,"column":22}},"30":{"start":{"line":107,"column":16},"end":{"line":107,"column":99}},"31":{"start":{"line":108,"column":16},"end":{"line":108,"column":22}},"32":{"start":{"line":111,"column":16},"end":{"line":111,"column":74}},"33":{"start":{"line":112,"column":16},"end":{"line":112,"column":30}},"34":{"start":{"line":113,"column":16},"end":{"line":113,"column":22}},"35":{"start":{"line":116,"column":8},"end":{"line":121,"column":9}},"36":{"start":{"line":117,"column":12},"end":{"line":117,"column":51}},"37":{"start":{"line":118,"column":12},"end":{"line":118,"column":87}},"38":{"start":{"line":119,"column":12},"end":{"line":119,"column":81}},"39":{"start":{"line":120,"column":12},"end":{"line":120,"column":27}},"40":{"start":{"line":124,"column":4},"end":{"line":126,"column":5}},"41":{"start":{"line":125,"column":8},"end":{"line":125,"column":88}},"42":{"start":{"line":128,"column":4},"end":{"line":128,"column":97}},"43":{"start":{"line":130,"column":4},"end":{"line":133,"column":6}},"44":{"start":{"line":136,"column":15},"end":{"line":148,"column":1}},"45":{"start":{"line":137,"column":28},"end":{"line":137,"column":103}},"46":{"start":{"line":138,"column":27},"end":{"line":138,"column":109}},"47":{"start":{"line":140,"column":4},"end":{"line":142,"column":5}},"48":{"start":{"line":141,"column":8},"end":{"line":141,"column":101}},"49":{"start":{"line":144,"column":4},"end":{"line":147,"column":6}},"50":{"start":{"line":150,"column":14},"end":{"line":189,"column":1}},"51":{"start":{"line":151,"column":28},"end":{"line":151,"column":103}},"52":{"start":{"line":152,"column":20},"end":{"line":152,"column":38}},"53":{"start":{"line":155,"column":4},"end":{"line":164,"column":20}},"54":{"start":{"line":156,"column":25},"end":{"line":156,"column":116}},"55":{"start":{"line":158,"column":8},"end":{"line":161,"column":9}},"56":{"start":{"line":159,"column":12},"end":{"line":159,"column":74}},"57":{"start":{"line":160,"column":12},"end":{"line":160,"column":55}},"58":{"start":{"line":163,"column":8},"end":{"line":163,"column":35}},"59":{"start":{"line":166,"column":4},"end":{"line":175,"column":20}},"60":{"start":{"line":167,"column":25},"end":{"line":167,"column":133}},"61":{"start":{"line":169,"column":8},"end":{"line":172,"column":9}},"62":{"start":{"line":170,"column":12},"end":{"line":170,"column":92}},"63":{"start":{"line":171,"column":12},"end":{"line":171,"column":64}},"64":{"start":{"line":174,"column":8},"end":{"line":174,"column":35}},"65":{"start":{"line":177,"column":4},"end":{"line":184,"column":5}},"66":{"start":{"line":178,"column":8},"end":{"line":178,"column":78}},"67":{"start":{"line":179,"column":8},"end":{"line":179,"column":50}},"68":{"start":{"line":181,"column":8},"end":{"line":183,"column":9}},"69":{"start":{"line":182,"column":12},"end":{"line":182,"column":24}},"70":{"start":{"line":186,"column":4},"end":{"line":188,"column":6}},"71":{"start":{"line":191,"column":0},"end":{"line":195,"column":2}}},"fnMap":{"0":{"name":"(anonymous_0)","decl":{"start":{"line":22,"column":25},"end":{"line":22,"column":26}},"loc":{"start":{"line":22,"column":49},"end":{"line":36,"column":1}},"line":22},"1":{"name":"(anonymous_1)","decl":{"start":{"line":38,"column":26},"end":{"line":38,"column":27}},"loc":{"start":{"line":38,"column":50},"end":{"line":49,"column":1}},"line":38},"2":{"name":"(anonymous_2)","decl":{"start":{"line":51,"column":25},"end":{"line":51,"column":26}},"loc":{"start":{"line":51,"column":49},"end":{"line":60,"column":1}},"line":51},"3":{"name":"(anonymous_3)","decl":{"start":{"line":62,"column":26},"end":{"line":62,"column":27}},"loc":{"start":{"line":62,"column":50},"end":{"line":75,"column":1}},"line":62},"4":{"name":"(anonymous_4)","decl":{"start":{"line":77,"column":15},"end":{"line":77,"column":16}},"loc":{"start":{"line":77,"column":37},"end":{"line":134,"column":1}},"line":77},"5":{"name":"(anonymous_5)","decl":{"start":{"line":136,"column":15},"end":{"line":136,"column":16}},"loc":{"start":{"line":136,"column":37},"end":{"line":148,"column":1}},"line":136},"6":{"name":"(anonymous_6)","decl":{"start":{"line":150,"column":14},"end":{"line":150,"column":15}},"loc":{"start":{"line":150,"column":36},"end":{"line":189,"column":1}},"line":150}},"branchMap":{"0":{"loc":{"start":{"line":93,"column":8},"end":{"line":114,"column":9}},"type":"switch","locations":[{"start":{"line":94,"column":12},"end":{"line":96,"column":22}},{"start":{"line":98,"column":12},"end":{"line":100,"column":22}},{"start":{"line":102,"column":12},"end":{"line":104,"column":22}},{"start":{"line":106,"column":12},"end":{"line":108,"column":22}},{"start":{"line":110,"column":12},"end":{"line":113,"column":22}}],"line":93},"1":{"loc":{"start":{"line":116,"column":8},"end":{"line":121,"column":9}},"type":"if","locations":[{"start":{"line":116,"column":8},"end":{"line":121,"column":9}},{"start":{},"end":{}}],"line":116},"2":{"loc":{"start":{"line":124,"column":4},"end":{"line":126,"column":5}},"type":"if","locations":[{"start":{"line":124,"column":4},"end":{"line":126,"column":5}},{"start":{},"end":{}}],"line":124},"3":{"loc":{"start":{"line":140,"column":4},"end":{"line":142,"column":5}},"type":"if","locations":[{"start":{"line":140,"column":4},"end":{"line":142,"column":5}},{"start":{},"end":{}}],"line":140},"4":{"loc":{"start":{"line":181,"column":8},"end":{"line":183,"column":9}},"type":"if","locations":[{"start":{"line":181,"column":8},"end":{"line":183,"column":9}},{"start":{},"end":{}}],"line":181}},"s":{"0":1,"1":1,"2":1,"3":1,"4":1,"5":1,"6":1,"7":5,"8":1,"9":3,"10":1,"11":0,"12":1,"13":0,"14":1,"15":7,"16":7,"17":7,"18":7,"19":6,"20":6,"21":6,"22":10,"23":10,"24":5,"25":5,"26":3,"27":3,"28":0,"29":0,"30":0,"31":0,"32":2,"33":2,"34":2,"35":10,"36":8,"37":8,"38":8,"39":7,"40":5,"41":1,"42":4,"43":3,"44":1,"45":2,"46":2,"47":2,"48":1,"49":2,"50":1,"51":3,"52":3,"53":3,"54":3,"55":3,"56":2,"57":2,"58":3,"59":3,"60":3,"61":3,"62":2,"63":2,"64":3,"65":3,"66":3,"67":1,"68":2,"69":1,"70":2,"71":1},"f":{"0":5,"1":3,"2":0,"3":0,"4":7,"5":2,"6":3},"b":{"0":[5,3,0,0,2],"1":[8,2],"2":[1,4],"3":[1,1],"4":[1,1]},"_coverageSchema":"1a1c01bbd47fc00a2c39e90264f33305004495a9","hash":"9be6a75dfd0ab5fa3dc2fe3fd191c1cc459803a5"}
,"/codebuild/output/src986986522/src/source/custom-resource/lib/mediapackage/test-assets.js": {"path":"/codebuild/output/src986986522/src/source/custom-resource/lib/mediapackage/test-assets.js","statementMap":{"0":{"start":{"line":1,"column":28},"end":{"line":42,"column":1}},"1":{"start":{"line":44,"column":28},"end":{"line":51,"column":1}},"2":{"start":{"line":53,"column":0},"end":{"line":58,"column":2}}},"fnMap":{},"branchMap":{},"s":{"0":2,"1":2,"2":2},"f":{},"b":{},"_coverageSchema":"1a1c01bbd47fc00a2c39e90264f33305004495a9","hash":"00ef0a0a97e5255cc8fdde7b18e1688dd6a80ec7"}
,"/codebuild/output/src986986522/src/source/custom-resource/lib/metrics/index.js": {"path":"/codebuild/output/src986986522/src/source/custom-resource/lib/metrics/index.js","statementMap":{"0":{"start":{"line":14,"column":14},"end":{"line":14,"column":30}},"1":{"start":{"line":15,"column":15},"end":{"line":15,"column":32}},"2":{"start":{"line":17,"column":21},"end":{"line":23,"column":1}},"3":{"start":{"line":19,"column":4},"end":{"line":19,"column":34}},"4":{"start":{"line":20,"column":4},"end":{"line":20,"column":30}},"5":{"start":{"line":22,"column":4},"end":{"line":22,"column":18}},"6":{"start":{"line":25,"column":13},"end":{"line":48,"column":1}},"7":{"start":{"line":28,"column":20},"end":{"line":33,"column":5}},"8":{"start":{"line":35,"column":19},"end":{"line":43,"column":5}},"9":{"start":{"line":45,"column":4},"end":{"line":45,"column":31}},"10":{"start":{"line":47,"column":4},"end":{"line":47,"column":23}},"11":{"start":{"line":50,"column":0},"end":{"line":53,"column":2}}},"fnMap":{"0":{"name":"(anonymous_0)","decl":{"start":{"line":17,"column":21},"end":{"line":17,"column":22}},"loc":{"start":{"line":17,"column":33},"end":{"line":23,"column":1}},"line":17},"1":{"name":"(anonymous_1)","decl":{"start":{"line":25,"column":13},"end":{"line":25,"column":14}},"loc":{"start":{"line":25,"column":31},"end":{"line":48,"column":1}},"line":25}},"branchMap":{},"s":{"0":1,"1":1,"2":1,"3":3,"4":3,"5":3,"6":1,"7":2,"8":2,"9":2,"10":1,"11":1},"f":{"0":3,"1":2},"b":{},"_coverageSchema":"1a1c01bbd47fc00a2c39e90264f33305004495a9","hash":"8f26680736dd6673bacb72e3d26c79bf62c6bbe5"}
,"/codebuild/output/src986986522/src/source/custom-resource/lib/s3/index.js": {"path":"/codebuild/output/src986986522/src/source/custom-resource/lib/s3/index.js","statementMap":{"0":{"start":{"line":14,"column":12},"end":{"line":14,"column":30}},"1":{"start":{"line":16,"column":22},"end":{"line":351,"column":1}},"2":{"start":{"line":17,"column":15},"end":{"line":17,"column":77}},"3":{"start":{"line":21,"column":4},"end":{"line":348,"column":5}},"4":{"start":{"line":23,"column":12},"end":{"line":317,"column":14}},"5":{"start":{"line":319,"column":12},"end":{"line":319,"column":78}},"6":{"start":{"line":320,"column":12},"end":{"line":320,"column":74}},"7":{"start":{"line":321,"column":12},"end":{"line":321,"column":18}},"8":{"start":{"line":324,"column":12},"end":{"line":340,"column":14}},"9":{"start":{"line":342,"column":12},"end":{"line":342,"column":78}},"10":{"start":{"line":343,"column":12},"end":{"line":343,"column":74}},"11":{"start":{"line":344,"column":12},"end":{"line":344,"column":18}},"12":{"start":{"line":347,"column":12},"end":{"line":347,"column":82}},"13":{"start":{"line":350,"column":4},"end":{"line":350,"column":21}},"14":{"start":{"line":353,"column":0},"end":{"line":355,"column":2}}},"fnMap":{"0":{"name":"(anonymous_0)","decl":{"start":{"line":16,"column":22},"end":{"line":16,"column":23}},"loc":{"start":{"line":16,"column":40},"end":{"line":351,"column":1}},"line":16}},"branchMap":{"0":{"loc":{"start":{"line":21,"column":4},"end":{"line":348,"column":5}},"type":"switch","locations":[{"start":{"line":22,"column":8},"end":{"line":321,"column":18}},{"start":{"line":323,"column":8},"end":{"line":344,"column":18}},{"start":{"line":346,"column":8},"end":{"line":347,"column":82}}],"line":21}},"s":{"0":1,"1":1,"2":4,"3":4,"4":2,"5":2,"6":2,"7":1,"8":1,"9":1,"10":1,"11":1,"12":1,"13":2,"14":1},"f":{"0":4},"b":{"0":[2,1,1]},"_coverageSchema":"1a1c01bbd47fc00a2c39e90264f33305004495a9","hash":"9391fdd1932091d5e45a241a9192fb28cba7960b"}
}
