TN:
SF:lib/cfn/index.js
FN:16,(anonymous_0)
FNF:1
FNH:1
FNDA:2,(anonymous_0)
DA:14,1
DA:16,1
DA:19,2
DA:29,2
DA:40,2
DA:42,1
DA:45,1
LF:7
LH:7
BRF:0
BRH:0
end_of_record
TN:
SF:lib/mediaconvert/index.js
FN:162,(anonymous_0)
FN:171,(anonymous_1)
FN:183,(anonymous_2)
FN:196,(anonymous_3)
FN:207,(anonymous_4)
FN:223,(anonymous_5)
FN:232,(anonymous_6)
FN:241,(anonymous_7)
FNF:8
FNH:8
FNDA:2,(anonymous_0)
FNDA:7,(anonymous_1)
FNDA:2,(anonymous_2)
FNDA:4,(anonymous_3)
FNDA:3,(anonymous_4)
FNDA:1,(anonymous_5)
FNDA:4,(anonymous_6)
FNDA:1,(anonymous_7)
DA:14,1
DA:15,1
DA:17,1
DA:18,1
DA:20,1
DA:100,1
DA:115,1
DA:131,1
DA:146,1
DA:162,1
DA:163,2
DA:164,2
DA:166,1
DA:171,1
DA:172,7
DA:174,19
DA:175,19
DA:176,19
DA:178,19
DA:179,18
DA:183,1
DA:184,2
DA:190,2
DA:191,1
DA:193,1
DA:196,1
DA:197,4
DA:203,4
DA:204,4
DA:207,3
DA:208,3
DA:209,1
DA:214,3
DA:215,2
DA:216,2
DA:217,2
DA:220,3
DA:223,1
DA:224,1
DA:225,19
DA:227,19
DA:228,19
DA:232,1
DA:233,4
DA:234,12
DA:236,12
DA:237,12
DA:241,1
DA:242,1
DA:248,1
DA:249,1
DA:250,1
DA:254,1
DA:255,1
DA:256,1
DA:259,0
DA:260,0
DA:263,1
DA:266,1
LF:59
LH:57
BRDA:208,0,0,1
BRDA:208,0,1,2
BRDA:208,1,0,3
BRDA:208,1,1,3
BRDA:214,2,0,2
BRDA:214,2,1,1
BRF:6
BRH:6
end_of_record
TN:
SF:lib/mediapackage/cloudfront.js
FN:17,(anonymous_0)
FN:30,(anonymous_1)
FNF:2
FNH:2
FNDA:11,(anonymous_0)
FNDA:9,(anonymous_1)
DA:14,2
DA:15,2
DA:17,2
DA:18,11
DA:19,1
DA:22,10
DA:23,1
DA:26,9
DA:27,9
DA:28,8
DA:30,9
DA:31,8
DA:32,4
DA:33,4
DA:36,4
DA:37,4
DA:39,4
DA:54,4
DA:56,4
DA:89,4
DA:90,0
DA:92,4
DA:95,4
DA:97,4
DA:98,4
DA:104,4
DA:105,2
DA:106,2
DA:108,2
DA:109,1
LF:30
LH:29
BRDA:18,0,0,1
BRDA:18,0,1,10
BRDA:22,1,0,1
BRDA:22,1,1,9
BRDA:31,2,0,4
BRDA:31,2,1,4
BRDA:46,3,0,4
BRDA:46,3,1,4
BRDA:89,4,0,0
BRDA:89,4,1,4
BRDA:108,5,0,1
BRDA:108,5,1,1
BRF:12
BRH:11
end_of_record
TN:
SF:lib/mediapackage/index.js
FN:22,(anonymous_0)
FN:38,(anonymous_1)
FN:51,(anonymous_2)
FN:62,(anonymous_3)
FN:77,(anonymous_4)
FN:136,(anonymous_5)
FN:150,(anonymous_6)
FNF:7
FNH:5
FNDA:5,(anonymous_0)
FNDA:3,(anonymous_1)
FNDA:0,(anonymous_2)
FNDA:0,(anonymous_3)
FNDA:7,(anonymous_4)
FNDA:2,(anonymous_5)
FNDA:3,(anonymous_6)
DA:14,1
DA:15,1
DA:16,1
DA:18,1
DA:19,1
DA:20,1
DA:22,5
DA:38,3
DA:51,1
DA:62,1
DA:77,1
DA:78,7
DA:79,7
DA:81,7
DA:86,7
DA:87,6
DA:89,6
DA:90,6
DA:91,10
DA:93,10
DA:95,5
DA:96,5
DA:99,3
DA:100,3
DA:103,0
DA:104,0
DA:107,0
DA:108,0
DA:111,2
DA:112,2
DA:113,2
DA:116,10
DA:117,8
DA:118,8
DA:119,8
DA:120,7
DA:124,5
DA:125,1
DA:128,4
DA:130,3
DA:136,1
DA:137,2
DA:138,2
DA:140,2
DA:141,1
DA:144,2
DA:150,1
DA:151,3
DA:152,3
DA:155,3
DA:156,3
DA:158,3
DA:159,2
DA:160,2
DA:163,3
DA:166,3
DA:167,3
DA:169,3
DA:170,2
DA:171,2
DA:174,3
DA:177,3
DA:178,3
DA:179,1
DA:181,2
DA:182,1
DA:186,2
DA:191,1
LF:68
LH:64
BRDA:93,0,0,5
BRDA:93,0,1,3
BRDA:93,0,2,0
BRDA:93,0,3,0
BRDA:93,0,4,2
BRDA:116,1,0,8
BRDA:116,1,1,2
BRDA:124,2,0,1
BRDA:124,2,1,4
BRDA:140,3,0,1
BRDA:140,3,1,1
BRDA:181,4,0,1
BRDA:181,4,1,1
BRF:13
BRH:11
end_of_record
TN:
SF:lib/mediapackage/test-assets.js
FNF:0
FNH:0
DA:1,2
DA:44,2
DA:53,2
LF:3
LH:3
BRF:0
BRH:0
end_of_record
TN:
SF:lib/metrics/index.js
FN:17,(anonymous_0)
FN:25,(anonymous_1)
FNF:2
FNH:2
FNDA:3,(anonymous_0)
FNDA:2,(anonymous_1)
DA:14,1
DA:15,1
DA:17,1
DA:19,3
DA:20,3
DA:22,3
DA:25,1
DA:28,2
DA:35,2
DA:45,2
DA:47,1
DA:50,1
LF:12
LH:12
BRF:0
BRH:0
end_of_record
TN:
SF:lib/s3/index.js
FN:16,(anonymous_0)
FNF:1
FNH:1
FNDA:4,(anonymous_0)
DA:14,1
DA:16,1
DA:17,4
DA:21,4
DA:23,2
DA:319,2
DA:320,2
DA:321,1
DA:324,1
DA:342,1
DA:343,1
DA:344,1
DA:347,1
DA:350,2
DA:353,1
LF:15
LH:15
BRDA:21,0,0,2
BRDA:21,0,1,1
BRDA:21,0,2,1
BRF:3
BRH:3
end_of_record
