TN:
SF:encode/index.js
FN:18,(anonymous_0)
FN:29,(anonymous_1)
FN:42,(anonymous_2)
FN:55,(anonymous_3)
FN:68,(anonymous_4)
FN:81,(anonymous_5)
FN:119,(anonymous_6)
FN:123,(anonymous_7)
FN:181,(anonymous_8)
FNF:9
FNH:9
FNDA:5,(anonymous_0)
FNDA:5,(anonymous_1)
FNDA:5,(anonymous_2)
FNDA:5,(anonymous_3)
FNDA:5,(anonymous_4)
FNDA:5,(anonymous_5)
FNDA:4,(anonymous_6)
FNDA:5,(anonymous_7)
FNDA:4,(anonymous_8)
DA:14,1
DA:15,1
DA:16,1
DA:18,5
DA:29,5
DA:42,5
DA:55,5
DA:68,5
DA:81,5
DA:119,1
DA:120,4
DA:123,1
DA:124,5
DA:126,5
DA:131,5
DA:132,5
DA:133,5
DA:136,5
DA:168,5
DA:169,5
DA:170,5
DA:171,5
DA:172,5
DA:173,5
DA:175,5
DA:176,4
DA:181,4
DA:182,4
DA:184,4
DA:186,0
DA:187,0
DA:188,0
DA:191,4
DA:192,4
DA:193,4
DA:196,0
DA:197,0
DA:198,0
DA:201,0
DA:202,0
DA:203,0
DA:206,0
DA:207,0
DA:208,0
DA:211,4
DA:212,4
DA:214,4
DA:215,4
DA:219,4
DA:220,1
DA:225,4
DA:226,3
DA:227,3
DA:228,3
DA:230,4
DA:232,4
DA:233,3
DA:234,3
DA:236,3
DA:238,2
DA:239,2
DA:242,3
LF:62
LH:50
BRDA:184,0,0,0
BRDA:184,0,1,4
BRDA:184,0,2,0
BRDA:184,0,3,0
BRDA:184,0,4,0
BRDA:211,1,0,4
BRDA:211,1,1,0
BRDA:219,2,0,1
BRDA:219,2,1,3
BRDA:225,3,0,3
BRDA:225,3,1,1
BRDA:225,4,0,4
BRDA:225,4,1,2
BRF:13
BRH:8
end_of_record
TN:
SF:encode/lib/error.js
FN:16,(anonymous_0)
FNF:1
FNH:1
FNDA:2,(anonymous_0)
DA:14,1
DA:16,1
DA:17,2
DA:21,2
DA:22,2
DA:29,2
DA:34,2
DA:36,0
DA:37,0
DA:40,2
DA:43,1
LF:11
LH:9
BRF:0
BRH:0
end_of_record
