TN:
SF:profiler/index.js
FN:17,(anonymous_0)
FN:36,(anonymous_1)
FN:49,(anonymous_2)
FNF:3
FNH:3
FNDA:3,(anonymous_0)
FNDA:12,(anonymous_1)
FNDA:6,(anonymous_2)
DA:14,1
DA:15,1
DA:17,1
DA:18,3
DA:20,3
DA:25,3
DA:27,3
DA:34,3
DA:36,2
DA:37,12
DA:40,2
DA:41,2
DA:42,2
DA:45,2
DA:49,2
DA:50,6
DA:51,6
DA:52,0
DA:55,6
DA:56,6
DA:59,2
DA:61,2
DA:63,2
DA:69,2
DA:70,2
DA:75,2
DA:77,1
DA:83,1
DA:84,1
DA:86,1
DA:88,1
DA:91,1
DA:92,1
DA:95,2
DA:96,2
LF:35
LH:34
BRDA:51,0,0,0
BRDA:51,0,1,6
BRDA:61,1,0,2
BRDA:61,1,1,0
BRDA:75,2,0,1
BRDA:75,2,1,1
BRF:6
BRH:4
end_of_record
TN:
SF:profiler/lib/error.js
FN:16,(anonymous_0)
FNF:1
FNH:1
FNDA:1,(anonymous_0)
DA:14,1
DA:16,1
DA:17,1
DA:21,1
DA:22,1
DA:29,1
DA:34,1
DA:36,0
DA:37,0
DA:40,1
DA:43,1
LF:11
LH:9
BRF:0
BRH:0
end_of_record
