TN:
SF:step-functions/index.js
FN:18,(anonymous_0)
FNF:1
FNH:1
FNDA:5,(anonymous_0)
DA:14,1
DA:15,1
DA:16,1
DA:18,1
DA:19,5
DA:21,5
DA:29,5
DA:30,5
DA:33,2
DA:36,2
DA:37,2
DA:38,0
DA:40,2
DA:42,2
DA:47,2
DA:48,2
DA:52,1
DA:59,1
DA:60,1
DA:64,1
DA:69,1
DA:70,1
DA:73,1
DA:76,4
DA:77,3
DA:79,2
DA:80,2
DA:83,3
LF:28
LH:27
BRDA:30,0,0,2
BRDA:30,0,1,1
BRDA:30,0,2,1
BRDA:30,0,3,1
BRDA:37,1,0,0
BRDA:37,1,1,2
BRF:6
BRH:5
end_of_record
TN:
SF:step-functions/lib/error.js
FN:16,(anonymous_0)
FNF:1
FNH:1
FNDA:2,(anonymous_0)
DA:14,1
DA:16,1
DA:17,2
DA:21,2
DA:22,2
DA:29,2
DA:34,2
DA:36,0
DA:37,0
DA:40,2
DA:43,1
LF:11
LH:9
BRF:0
BRH:0
end_of_record
