<?xml version="1.0" encoding="UTF-8"?>
<coverage generated="1683827117939" clover="3.2.0">
  <project timestamp="1683827117939" name="All files">
    <metrics statements="316" coveredstatements="316" conditionals="0" coveredconditionals="0" methods="1" coveredmethods="1" elements="317" coveredelements="317" complexity="0" loc="316" ncloc="316" packages="1" files="1" classes="1"/>
    <file name="vod-stack.ts" path="/home/eduardo/src/obrizum/video-on-demand-on-aws/source/cdk/lib/vod-stack.ts">
      <metrics statements="316" coveredstatements="316" conditionals="0" coveredconditionals="0" methods="1" coveredmethods="1"/>
      <line num="14" count="1" type="stmt"/>
      <line num="16" count="1" type="stmt"/>
      <line num="17" count="1" type="stmt"/>
      <line num="18" count="1" type="stmt"/>
      <line num="19" count="1" type="stmt"/>
      <line num="20" count="1" type="stmt"/>
      <line num="21" count="1" type="stmt"/>
      <line num="22" count="1" type="stmt"/>
      <line num="23" count="1" type="stmt"/>
      <line num="24" count="1" type="stmt"/>
      <line num="25" count="1" type="stmt"/>
      <line num="26" count="1" type="stmt"/>
      <line num="27" count="1" type="stmt"/>
      <line num="28" count="1" type="stmt"/>
      <line num="29" count="1" type="stmt"/>
      <line num="30" count="1" type="stmt"/>
      <line num="32" count="1" type="stmt"/>
      <line num="34" count="1" type="stmt"/>
      <line num="39" count="1" type="stmt"/>
      <line num="40" count="1" type="stmt"/>
      <line num="41" count="1" type="stmt"/>
      <line num="45" count="1" type="stmt"/>
      <line num="50" count="1" type="stmt"/>
      <line num="56" count="1" type="stmt"/>
      <line num="63" count="1" type="stmt"/>
      <line num="69" count="1" type="stmt"/>
      <line num="75" count="1" type="stmt"/>
      <line num="81" count="1" type="stmt"/>
      <line num="87" count="1" type="stmt"/>
      <line num="96" count="1" type="stmt"/>
      <line num="152" count="1" type="stmt"/>
      <line num="162" count="1" type="stmt"/>
      <line num="165" count="1" type="stmt"/>
      <line num="168" count="1" type="stmt"/>
      <line num="171" count="1" type="stmt"/>
      <line num="183" count="1" type="stmt"/>
      <line num="194" count="1" type="stmt"/>
      <line num="195" count="1" type="stmt"/>
      <line num="196" count="1" type="stmt"/>
      <line num="199" count="1" type="stmt"/>
      <line num="213" count="1" type="stmt"/>
      <line num="229" count="1" type="stmt"/>
      <line num="266" count="1" type="stmt"/>
      <line num="267" count="1" type="stmt"/>
      <line num="268" count="1" type="stmt"/>
      <line num="271" count="1" type="stmt"/>
      <line num="282" count="1" type="stmt"/>
      <line num="295" count="1" type="stmt"/>
      <line num="315" count="1" type="stmt"/>
      <line num="316" count="1" type="stmt"/>
      <line num="317" count="1" type="stmt"/>
      <line num="320" count="1" type="stmt"/>
      <line num="336" count="1" type="stmt"/>
      <line num="338" count="1" type="stmt"/>
      <line num="348" count="1" type="stmt"/>
      <line num="365" count="1" type="stmt"/>
      <line num="374" count="1" type="stmt"/>
      <line num="394" count="1" type="stmt"/>
      <line num="397" count="1" type="stmt"/>
      <line num="466" count="1" type="stmt"/>
      <line num="469" count="1" type="stmt"/>
      <line num="470" count="1" type="stmt"/>
      <line num="483" count="1" type="stmt"/>
      <line num="484" count="1" type="stmt"/>
      <line num="498" count="1" type="stmt"/>
      <line num="508" count="1" type="stmt"/>
      <line num="520" count="1" type="stmt"/>
      <line num="521" count="1" type="stmt"/>
      <line num="524" count="1" type="stmt"/>
      <line num="525" count="1" type="stmt"/>
      <line num="545" count="1" type="stmt"/>
      <line num="555" count="1" type="stmt"/>
      <line num="569" count="1" type="stmt"/>
      <line num="584" count="1" type="stmt"/>
      <line num="588" count="1" type="stmt"/>
      <line num="607" count="1" type="stmt"/>
      <line num="610" count="1" type="stmt"/>
      <line num="611" count="1" type="stmt"/>
      <line num="622" count="1" type="stmt"/>
      <line num="635" count="1" type="stmt"/>
      <line num="639" count="1" type="stmt"/>
      <line num="655" count="1" type="stmt"/>
      <line num="658" count="1" type="stmt"/>
      <line num="659" count="1" type="stmt"/>
      <line num="670" count="1" type="stmt"/>
      <line num="684" count="1" type="stmt"/>
      <line num="687" count="1" type="stmt"/>
      <line num="688" count="1" type="stmt"/>
      <line num="689" count="1" type="stmt"/>
      <line num="694" count="1" type="stmt"/>
      <line num="699" count="1" type="stmt"/>
      <line num="700" count="1" type="stmt"/>
      <line num="701" count="1" type="stmt"/>
      <line num="703" count="1" type="stmt"/>
      <line num="712" count="1" type="stmt"/>
      <line num="713" count="1" type="stmt"/>
      <line num="714" count="1" type="stmt"/>
      <line num="717" count="1" type="stmt"/>
      <line num="731" count="1" type="stmt"/>
      <line num="740" count="1" type="stmt"/>
      <line num="752" count="1" type="stmt"/>
      <line num="753" count="1" type="stmt"/>
      <line num="754" count="1" type="stmt"/>
      <line num="757" count="1" type="stmt"/>
      <line num="774" count="1" type="stmt"/>
      <line num="778" count="1" type="stmt"/>
      <line num="804" count="1" type="stmt"/>
      <line num="807" count="1" type="stmt"/>
      <line num="808" count="1" type="stmt"/>
      <line num="819" count="1" type="stmt"/>
      <line num="829" count="1" type="stmt"/>
      <line num="844" count="1" type="stmt"/>
      <line num="845" count="1" type="stmt"/>
      <line num="848" count="1" type="stmt"/>
      <line num="849" count="1" type="stmt"/>
      <line num="866" count="1" type="stmt"/>
      <line num="880" count="1" type="stmt"/>
      <line num="890" count="1" type="stmt"/>
      <line num="893" count="1" type="stmt"/>
      <line num="914" count="1" type="stmt"/>
      <line num="917" count="1" type="stmt"/>
      <line num="918" count="1" type="stmt"/>
      <line num="929" count="1" type="stmt"/>
      <line num="939" count="1" type="stmt"/>
      <line num="979" count="1" type="stmt"/>
      <line num="980" count="1" type="stmt"/>
      <line num="983" count="1" type="stmt"/>
      <line num="984" count="1" type="stmt"/>
      <line num="1004" count="1" type="stmt"/>
      <line num="1007" count="1" type="stmt"/>
      <line num="1028" count="1" type="stmt"/>
      <line num="1031" count="1" type="stmt"/>
      <line num="1032" count="1" type="stmt"/>
      <line num="1043" count="1" type="stmt"/>
      <line num="1053" count="1" type="stmt"/>
      <line num="1066" count="1" type="stmt"/>
      <line num="1067" count="1" type="stmt"/>
      <line num="1070" count="1" type="stmt"/>
      <line num="1071" count="1" type="stmt"/>
      <line num="1091" count="1" type="stmt"/>
      <line num="1094" count="1" type="stmt"/>
      <line num="1115" count="1" type="stmt"/>
      <line num="1118" count="1" type="stmt"/>
      <line num="1119" count="1" type="stmt"/>
      <line num="1130" count="1" type="stmt"/>
      <line num="1140" count="1" type="stmt"/>
      <line num="1155" count="1" type="stmt"/>
      <line num="1156" count="1" type="stmt"/>
      <line num="1159" count="1" type="stmt"/>
      <line num="1160" count="1" type="stmt"/>
      <line num="1180" count="1" type="stmt"/>
      <line num="1183" count="1" type="stmt"/>
      <line num="1204" count="1" type="stmt"/>
      <line num="1207" count="1" type="stmt"/>
      <line num="1208" count="1" type="stmt"/>
      <line num="1219" count="1" type="stmt"/>
      <line num="1229" count="1" type="stmt"/>
      <line num="1244" count="1" type="stmt"/>
      <line num="1245" count="1" type="stmt"/>
      <line num="1248" count="1" type="stmt"/>
      <line num="1249" count="1" type="stmt"/>
      <line num="1269" count="1" type="stmt"/>
      <line num="1272" count="1" type="stmt"/>
      <line num="1302" count="1" type="stmt"/>
      <line num="1305" count="1" type="stmt"/>
      <line num="1306" count="1" type="stmt"/>
      <line num="1317" count="1" type="stmt"/>
      <line num="1327" count="1" type="stmt"/>
      <line num="1343" count="1" type="stmt"/>
      <line num="1344" count="1" type="stmt"/>
      <line num="1347" count="1" type="stmt"/>
      <line num="1348" count="1" type="stmt"/>
      <line num="1368" count="1" type="stmt"/>
      <line num="1371" count="1" type="stmt"/>
      <line num="1396" count="1" type="stmt"/>
      <line num="1399" count="1" type="stmt"/>
      <line num="1400" count="1" type="stmt"/>
      <line num="1411" count="1" type="stmt"/>
      <line num="1421" count="1" type="stmt"/>
      <line num="1437" count="1" type="stmt"/>
      <line num="1438" count="1" type="stmt"/>
      <line num="1441" count="1" type="stmt"/>
      <line num="1442" count="1" type="stmt"/>
      <line num="1462" count="1" type="stmt"/>
      <line num="1465" count="1" type="stmt"/>
      <line num="1486" count="1" type="stmt"/>
      <line num="1489" count="1" type="stmt"/>
      <line num="1490" count="1" type="stmt"/>
      <line num="1501" count="1" type="stmt"/>
      <line num="1511" count="1" type="stmt"/>
      <line num="1525" count="1" type="stmt"/>
      <line num="1526" count="1" type="stmt"/>
      <line num="1529" count="1" type="stmt"/>
      <line num="1530" count="1" type="stmt"/>
      <line num="1550" count="1" type="stmt"/>
      <line num="1553" count="1" type="stmt"/>
      <line num="1579" count="1" type="stmt"/>
      <line num="1582" count="1" type="stmt"/>
      <line num="1583" count="1" type="stmt"/>
      <line num="1594" count="1" type="stmt"/>
      <line num="1604" count="1" type="stmt"/>
      <line num="1619" count="1" type="stmt"/>
      <line num="1620" count="1" type="stmt"/>
      <line num="1623" count="1" type="stmt"/>
      <line num="1624" count="1" type="stmt"/>
      <line num="1644" count="1" type="stmt"/>
      <line num="1647" count="1" type="stmt"/>
      <line num="1673" count="1" type="stmt"/>
      <line num="1676" count="1" type="stmt"/>
      <line num="1677" count="1" type="stmt"/>
      <line num="1688" count="1" type="stmt"/>
      <line num="1698" count="1" type="stmt"/>
      <line num="1713" count="1" type="stmt"/>
      <line num="1714" count="1" type="stmt"/>
      <line num="1717" count="1" type="stmt"/>
      <line num="1718" count="1" type="stmt"/>
      <line num="1738" count="1" type="stmt"/>
      <line num="1741" count="1" type="stmt"/>
      <line num="1770" count="1" type="stmt"/>
      <line num="1773" count="1" type="stmt"/>
      <line num="1774" count="1" type="stmt"/>
      <line num="1784" count="1" type="stmt"/>
      <line num="1785" count="1" type="stmt"/>
      <line num="1796" count="1" type="stmt"/>
      <line num="1806" count="1" type="stmt"/>
      <line num="1823" count="1" type="stmt"/>
      <line num="1824" count="1" type="stmt"/>
      <line num="1827" count="1" type="stmt"/>
      <line num="1828" count="1" type="stmt"/>
      <line num="1848" count="1" type="stmt"/>
      <line num="1852" count="1" type="stmt"/>
      <line num="1877" count="1" type="stmt"/>
      <line num="1880" count="1" type="stmt"/>
      <line num="1881" count="1" type="stmt"/>
      <line num="1892" count="1" type="stmt"/>
      <line num="1902" count="1" type="stmt"/>
      <line num="1919" count="1" type="stmt"/>
      <line num="1920" count="1" type="stmt"/>
      <line num="1923" count="1" type="stmt"/>
      <line num="1924" count="1" type="stmt"/>
      <line num="1941" count="1" type="stmt"/>
      <line num="1955" count="1" type="stmt"/>
      <line num="1960" count="1" type="stmt"/>
      <line num="1969" count="1" type="stmt"/>
      <line num="1978" count="1" type="stmt"/>
      <line num="1983" count="1" type="stmt"/>
      <line num="1986" count="1" type="stmt"/>
      <line num="1995" count="1" type="stmt"/>
      <line num="1998" count="1" type="stmt"/>
      <line num="1999" count="1" type="stmt"/>
      <line num="2010" count="1" type="stmt"/>
      <line num="2024" count="1" type="stmt"/>
      <line num="2028" count="1" type="stmt"/>
      <line num="2032" count="1" type="stmt"/>
      <line num="2036" count="1" type="stmt"/>
      <line num="2040" count="1" type="stmt"/>
      <line num="2044" count="1" type="stmt"/>
      <line num="2048" count="1" type="stmt"/>
      <line num="2052" count="1" type="stmt"/>
      <line num="2056" count="1" type="stmt"/>
      <line num="2060" count="1" type="stmt"/>
      <line num="2064" count="1" type="stmt"/>
      <line num="2068" count="1" type="stmt"/>
      <line num="2072" count="1" type="stmt"/>
      <line num="2076" count="1" type="stmt"/>
      <line num="2080" count="1" type="stmt"/>
      <line num="2084" count="1" type="stmt"/>
      <line num="2095" count="1" type="stmt"/>
      <line num="2096" count="1" type="stmt"/>
      <line num="2103" count="1" type="stmt"/>
      <line num="2110" count="1" type="stmt"/>
      <line num="2141" count="1" type="stmt"/>
      <line num="2160" count="1" type="stmt"/>
      <line num="2167" count="1" type="stmt"/>
      <line num="2195" count="1" type="stmt"/>
      <line num="2196" count="1" type="stmt"/>
      <line num="2197" count="1" type="stmt"/>
      <line num="2201" count="1" type="stmt"/>
      <line num="2202" count="1" type="stmt"/>
      <line num="2203" count="1" type="stmt"/>
      <line num="2207" count="1" type="stmt"/>
      <line num="2211" count="1" type="stmt"/>
      <line num="2212" count="1" type="stmt"/>
      <line num="2213" count="1" type="stmt"/>
      <line num="2217" count="1" type="stmt"/>
      <line num="2218" count="1" type="stmt"/>
      <line num="2219" count="1" type="stmt"/>
      <line num="2224" count="1" type="stmt"/>
      <line num="2227" count="1" type="stmt"/>
      <line num="2234" count="1" type="stmt"/>
      <line num="2235" count="1" type="stmt"/>
      <line num="2236" count="1" type="stmt"/>
      <line num="2247" count="1" type="stmt"/>
      <line num="2259" count="1" type="stmt"/>
      <line num="2273" count="1" type="stmt"/>
      <line num="2283" count="1" type="stmt"/>
      <line num="2301" count="1" type="stmt"/>
      <line num="2302" count="1" type="stmt"/>
      <line num="2312" count="1" type="stmt"/>
      <line num="2316" count="1" type="stmt"/>
      <line num="2317" count="1" type="stmt"/>
      <line num="2318" count="1" type="stmt"/>
      <line num="2319" count="1" type="stmt"/>
      <line num="2320" count="1" type="stmt"/>
      <line num="2322" count="1" type="stmt"/>
      <line num="2323" count="1" type="stmt"/>
      <line num="2329" count="1" type="stmt"/>
      <line num="2334" count="1" type="stmt"/>
      <line num="2339" count="1" type="stmt"/>
      <line num="2344" count="1" type="stmt"/>
      <line num="2349" count="1" type="stmt"/>
      <line num="2354" count="1" type="stmt"/>
      <line num="2359" count="1" type="stmt"/>
      <line num="2364" count="1" type="stmt"/>
      <line num="2369" count="1" type="stmt"/>
      <line num="2378" count="1" type="stmt"/>
    </file>
  </project>
</coverage>
