<?xml version="1.0" encoding="UTF-8"?>
<coverage generated="1668474129842" clover="3.2.0">
  <project timestamp="1668474129843" name="All files">
    <metrics statements="316" coveredstatements="316" conditionals="0" coveredconditionals="0" methods="1" coveredmethods="1" elements="317" coveredelements="317" complexity="0" loc="316" ncloc="316" packages="1" files="1" classes="1"/>
    <file name="vod-stack.ts" path="/codebuild/output/src986986522/src/source/cdk/lib/vod-stack.ts">
      <metrics statements="316" coveredstatements="316" conditionals="0" coveredconditionals="0" methods="1" coveredmethods="1"/>
      <line num="14" count="1" type="stmt"/>
      <line num="16" count="1" type="stmt"/>
      <line num="17" count="1" type="stmt"/>
      <line num="18" count="1" type="stmt"/>
      <line num="19" count="1" type="stmt"/>
      <line num="20" count="1" type="stmt"/>
      <line num="21" count="1" type="stmt"/>
      <line num="22" count="1" type="stmt"/>
      <line num="23" count="1" type="stmt"/>
      <line num="24" count="1" type="stmt"/>
      <line num="25" count="1" type="stmt"/>
      <line num="26" count="1" type="stmt"/>
      <line num="27" count="1" type="stmt"/>
      <line num="28" count="1" type="stmt"/>
      <line num="30" count="1" type="stmt"/>
      <line num="31" count="1" type="stmt"/>
      <line num="33" count="1" type="stmt"/>
      <line num="35" count="1" type="stmt"/>
      <line num="40" count="1" type="stmt"/>
      <line num="41" count="1" type="stmt"/>
      <line num="42" count="1" type="stmt"/>
      <line num="46" count="1" type="stmt"/>
      <line num="51" count="1" type="stmt"/>
      <line num="57" count="1" type="stmt"/>
      <line num="64" count="1" type="stmt"/>
      <line num="70" count="1" type="stmt"/>
      <line num="76" count="1" type="stmt"/>
      <line num="82" count="1" type="stmt"/>
      <line num="88" count="1" type="stmt"/>
      <line num="97" count="1" type="stmt"/>
      <line num="153" count="1" type="stmt"/>
      <line num="163" count="1" type="stmt"/>
      <line num="166" count="1" type="stmt"/>
      <line num="169" count="1" type="stmt"/>
      <line num="172" count="1" type="stmt"/>
      <line num="184" count="1" type="stmt"/>
      <line num="195" count="1" type="stmt"/>
      <line num="196" count="1" type="stmt"/>
      <line num="197" count="1" type="stmt"/>
      <line num="200" count="1" type="stmt"/>
      <line num="214" count="1" type="stmt"/>
      <line num="230" count="1" type="stmt"/>
      <line num="267" count="1" type="stmt"/>
      <line num="268" count="1" type="stmt"/>
      <line num="269" count="1" type="stmt"/>
      <line num="272" count="1" type="stmt"/>
      <line num="283" count="1" type="stmt"/>
      <line num="296" count="1" type="stmt"/>
      <line num="316" count="1" type="stmt"/>
      <line num="317" count="1" type="stmt"/>
      <line num="318" count="1" type="stmt"/>
      <line num="321" count="1" type="stmt"/>
      <line num="337" count="1" type="stmt"/>
      <line num="346" count="1" type="stmt"/>
      <line num="363" count="1" type="stmt"/>
      <line num="372" count="1" type="stmt"/>
      <line num="392" count="1" type="stmt"/>
      <line num="395" count="1" type="stmt"/>
      <line num="464" count="1" type="stmt"/>
      <line num="467" count="1" type="stmt"/>
      <line num="468" count="1" type="stmt"/>
      <line num="481" count="1" type="stmt"/>
      <line num="482" count="1" type="stmt"/>
      <line num="496" count="1" type="stmt"/>
      <line num="506" count="1" type="stmt"/>
      <line num="518" count="1" type="stmt"/>
      <line num="519" count="1" type="stmt"/>
      <line num="522" count="1" type="stmt"/>
      <line num="523" count="1" type="stmt"/>
      <line num="543" count="1" type="stmt"/>
      <line num="553" count="1" type="stmt"/>
      <line num="567" count="1" type="stmt"/>
      <line num="582" count="1" type="stmt"/>
      <line num="586" count="1" type="stmt"/>
      <line num="605" count="1" type="stmt"/>
      <line num="608" count="1" type="stmt"/>
      <line num="609" count="1" type="stmt"/>
      <line num="620" count="1" type="stmt"/>
      <line num="633" count="1" type="stmt"/>
      <line num="637" count="1" type="stmt"/>
      <line num="653" count="1" type="stmt"/>
      <line num="656" count="1" type="stmt"/>
      <line num="657" count="1" type="stmt"/>
      <line num="668" count="1" type="stmt"/>
      <line num="682" count="1" type="stmt"/>
      <line num="685" count="1" type="stmt"/>
      <line num="686" count="1" type="stmt"/>
      <line num="687" count="1" type="stmt"/>
      <line num="692" count="1" type="stmt"/>
      <line num="697" count="1" type="stmt"/>
      <line num="698" count="1" type="stmt"/>
      <line num="699" count="1" type="stmt"/>
      <line num="701" count="1" type="stmt"/>
      <line num="710" count="1" type="stmt"/>
      <line num="711" count="1" type="stmt"/>
      <line num="712" count="1" type="stmt"/>
      <line num="715" count="1" type="stmt"/>
      <line num="729" count="1" type="stmt"/>
      <line num="738" count="1" type="stmt"/>
      <line num="750" count="1" type="stmt"/>
      <line num="751" count="1" type="stmt"/>
      <line num="752" count="1" type="stmt"/>
      <line num="755" count="1" type="stmt"/>
      <line num="772" count="1" type="stmt"/>
      <line num="776" count="1" type="stmt"/>
      <line num="802" count="1" type="stmt"/>
      <line num="805" count="1" type="stmt"/>
      <line num="806" count="1" type="stmt"/>
      <line num="817" count="1" type="stmt"/>
      <line num="827" count="1" type="stmt"/>
      <line num="842" count="1" type="stmt"/>
      <line num="843" count="1" type="stmt"/>
      <line num="846" count="1" type="stmt"/>
      <line num="847" count="1" type="stmt"/>
      <line num="864" count="1" type="stmt"/>
      <line num="878" count="1" type="stmt"/>
      <line num="888" count="1" type="stmt"/>
      <line num="891" count="1" type="stmt"/>
      <line num="912" count="1" type="stmt"/>
      <line num="915" count="1" type="stmt"/>
      <line num="916" count="1" type="stmt"/>
      <line num="927" count="1" type="stmt"/>
      <line num="937" count="1" type="stmt"/>
      <line num="977" count="1" type="stmt"/>
      <line num="978" count="1" type="stmt"/>
      <line num="981" count="1" type="stmt"/>
      <line num="982" count="1" type="stmt"/>
      <line num="1002" count="1" type="stmt"/>
      <line num="1005" count="1" type="stmt"/>
      <line num="1026" count="1" type="stmt"/>
      <line num="1029" count="1" type="stmt"/>
      <line num="1030" count="1" type="stmt"/>
      <line num="1041" count="1" type="stmt"/>
      <line num="1051" count="1" type="stmt"/>
      <line num="1064" count="1" type="stmt"/>
      <line num="1065" count="1" type="stmt"/>
      <line num="1068" count="1" type="stmt"/>
      <line num="1069" count="1" type="stmt"/>
      <line num="1089" count="1" type="stmt"/>
      <line num="1092" count="1" type="stmt"/>
      <line num="1113" count="1" type="stmt"/>
      <line num="1116" count="1" type="stmt"/>
      <line num="1117" count="1" type="stmt"/>
      <line num="1128" count="1" type="stmt"/>
      <line num="1138" count="1" type="stmt"/>
      <line num="1153" count="1" type="stmt"/>
      <line num="1154" count="1" type="stmt"/>
      <line num="1157" count="1" type="stmt"/>
      <line num="1158" count="1" type="stmt"/>
      <line num="1178" count="1" type="stmt"/>
      <line num="1181" count="1" type="stmt"/>
      <line num="1202" count="1" type="stmt"/>
      <line num="1205" count="1" type="stmt"/>
      <line num="1206" count="1" type="stmt"/>
      <line num="1217" count="1" type="stmt"/>
      <line num="1227" count="1" type="stmt"/>
      <line num="1242" count="1" type="stmt"/>
      <line num="1243" count="1" type="stmt"/>
      <line num="1246" count="1" type="stmt"/>
      <line num="1247" count="1" type="stmt"/>
      <line num="1267" count="1" type="stmt"/>
      <line num="1270" count="1" type="stmt"/>
      <line num="1300" count="1" type="stmt"/>
      <line num="1303" count="1" type="stmt"/>
      <line num="1304" count="1" type="stmt"/>
      <line num="1315" count="1" type="stmt"/>
      <line num="1325" count="1" type="stmt"/>
      <line num="1341" count="1" type="stmt"/>
      <line num="1342" count="1" type="stmt"/>
      <line num="1345" count="1" type="stmt"/>
      <line num="1346" count="1" type="stmt"/>
      <line num="1366" count="1" type="stmt"/>
      <line num="1369" count="1" type="stmt"/>
      <line num="1394" count="1" type="stmt"/>
      <line num="1397" count="1" type="stmt"/>
      <line num="1398" count="1" type="stmt"/>
      <line num="1409" count="1" type="stmt"/>
      <line num="1419" count="1" type="stmt"/>
      <line num="1435" count="1" type="stmt"/>
      <line num="1436" count="1" type="stmt"/>
      <line num="1439" count="1" type="stmt"/>
      <line num="1440" count="1" type="stmt"/>
      <line num="1460" count="1" type="stmt"/>
      <line num="1463" count="1" type="stmt"/>
      <line num="1484" count="1" type="stmt"/>
      <line num="1487" count="1" type="stmt"/>
      <line num="1488" count="1" type="stmt"/>
      <line num="1499" count="1" type="stmt"/>
      <line num="1509" count="1" type="stmt"/>
      <line num="1523" count="1" type="stmt"/>
      <line num="1524" count="1" type="stmt"/>
      <line num="1527" count="1" type="stmt"/>
      <line num="1528" count="1" type="stmt"/>
      <line num="1548" count="1" type="stmt"/>
      <line num="1551" count="1" type="stmt"/>
      <line num="1577" count="1" type="stmt"/>
      <line num="1580" count="1" type="stmt"/>
      <line num="1581" count="1" type="stmt"/>
      <line num="1592" count="1" type="stmt"/>
      <line num="1602" count="1" type="stmt"/>
      <line num="1617" count="1" type="stmt"/>
      <line num="1618" count="1" type="stmt"/>
      <line num="1621" count="1" type="stmt"/>
      <line num="1622" count="1" type="stmt"/>
      <line num="1642" count="1" type="stmt"/>
      <line num="1645" count="1" type="stmt"/>
      <line num="1671" count="1" type="stmt"/>
      <line num="1674" count="1" type="stmt"/>
      <line num="1675" count="1" type="stmt"/>
      <line num="1686" count="1" type="stmt"/>
      <line num="1696" count="1" type="stmt"/>
      <line num="1711" count="1" type="stmt"/>
      <line num="1712" count="1" type="stmt"/>
      <line num="1715" count="1" type="stmt"/>
      <line num="1716" count="1" type="stmt"/>
      <line num="1736" count="1" type="stmt"/>
      <line num="1739" count="1" type="stmt"/>
      <line num="1768" count="1" type="stmt"/>
      <line num="1771" count="1" type="stmt"/>
      <line num="1772" count="1" type="stmt"/>
      <line num="1782" count="1" type="stmt"/>
      <line num="1783" count="1" type="stmt"/>
      <line num="1794" count="1" type="stmt"/>
      <line num="1804" count="1" type="stmt"/>
      <line num="1821" count="1" type="stmt"/>
      <line num="1822" count="1" type="stmt"/>
      <line num="1825" count="1" type="stmt"/>
      <line num="1826" count="1" type="stmt"/>
      <line num="1846" count="1" type="stmt"/>
      <line num="1850" count="1" type="stmt"/>
      <line num="1875" count="1" type="stmt"/>
      <line num="1878" count="1" type="stmt"/>
      <line num="1879" count="1" type="stmt"/>
      <line num="1890" count="1" type="stmt"/>
      <line num="1900" count="1" type="stmt"/>
      <line num="1917" count="1" type="stmt"/>
      <line num="1918" count="1" type="stmt"/>
      <line num="1921" count="1" type="stmt"/>
      <line num="1922" count="1" type="stmt"/>
      <line num="1939" count="1" type="stmt"/>
      <line num="1953" count="1" type="stmt"/>
      <line num="1958" count="1" type="stmt"/>
      <line num="1967" count="1" type="stmt"/>
      <line num="1976" count="1" type="stmt"/>
      <line num="1981" count="1" type="stmt"/>
      <line num="1984" count="1" type="stmt"/>
      <line num="1993" count="1" type="stmt"/>
      <line num="1996" count="1" type="stmt"/>
      <line num="1997" count="1" type="stmt"/>
      <line num="2008" count="1" type="stmt"/>
      <line num="2022" count="1" type="stmt"/>
      <line num="2026" count="1" type="stmt"/>
      <line num="2030" count="1" type="stmt"/>
      <line num="2034" count="1" type="stmt"/>
      <line num="2038" count="1" type="stmt"/>
      <line num="2042" count="1" type="stmt"/>
      <line num="2046" count="1" type="stmt"/>
      <line num="2050" count="1" type="stmt"/>
      <line num="2054" count="1" type="stmt"/>
      <line num="2058" count="1" type="stmt"/>
      <line num="2062" count="1" type="stmt"/>
      <line num="2066" count="1" type="stmt"/>
      <line num="2070" count="1" type="stmt"/>
      <line num="2074" count="1" type="stmt"/>
      <line num="2078" count="1" type="stmt"/>
      <line num="2082" count="1" type="stmt"/>
      <line num="2093" count="1" type="stmt"/>
      <line num="2094" count="1" type="stmt"/>
      <line num="2101" count="1" type="stmt"/>
      <line num="2108" count="1" type="stmt"/>
      <line num="2139" count="1" type="stmt"/>
      <line num="2158" count="1" type="stmt"/>
      <line num="2165" count="1" type="stmt"/>
      <line num="2193" count="1" type="stmt"/>
      <line num="2194" count="1" type="stmt"/>
      <line num="2195" count="1" type="stmt"/>
      <line num="2199" count="1" type="stmt"/>
      <line num="2200" count="1" type="stmt"/>
      <line num="2201" count="1" type="stmt"/>
      <line num="2205" count="1" type="stmt"/>
      <line num="2209" count="1" type="stmt"/>
      <line num="2210" count="1" type="stmt"/>
      <line num="2211" count="1" type="stmt"/>
      <line num="2215" count="1" type="stmt"/>
      <line num="2216" count="1" type="stmt"/>
      <line num="2217" count="1" type="stmt"/>
      <line num="2222" count="1" type="stmt"/>
      <line num="2225" count="1" type="stmt"/>
      <line num="2232" count="1" type="stmt"/>
      <line num="2233" count="1" type="stmt"/>
      <line num="2234" count="1" type="stmt"/>
      <line num="2245" count="1" type="stmt"/>
      <line num="2257" count="1" type="stmt"/>
      <line num="2271" count="1" type="stmt"/>
      <line num="2281" count="1" type="stmt"/>
      <line num="2299" count="1" type="stmt"/>
      <line num="2300" count="1" type="stmt"/>
      <line num="2310" count="1" type="stmt"/>
      <line num="2314" count="1" type="stmt"/>
      <line num="2315" count="1" type="stmt"/>
      <line num="2316" count="1" type="stmt"/>
      <line num="2317" count="1" type="stmt"/>
      <line num="2318" count="1" type="stmt"/>
      <line num="2319" count="1" type="stmt"/>
      <line num="2321" count="1" type="stmt"/>
      <line num="2322" count="1" type="stmt"/>
      <line num="2328" count="1" type="stmt"/>
      <line num="2333" count="1" type="stmt"/>
      <line num="2338" count="1" type="stmt"/>
      <line num="2343" count="1" type="stmt"/>
      <line num="2348" count="1" type="stmt"/>
      <line num="2353" count="1" type="stmt"/>
      <line num="2358" count="1" type="stmt"/>
      <line num="2363" count="1" type="stmt"/>
      <line num="2368" count="1" type="stmt"/>
      <line num="2377" count="1" type="stmt"/>
    </file>
  </project>
</coverage>
