{"/home/eduardo/src/obrizum/video-on-demand-on-aws/source/cdk/lib/vod-stack.ts": {"path":"/home/eduardo/src/obrizum/video-on-demand-on-aws/source/cdk/lib/vod-stack.ts","statementMap":{"0":{"start":{"line":14,"column":0},"end":{"line":14,"column":35}},"1":{"start":{"line":16,"column":0},"end":{"line":16,"column":41}},"2":{"start":{"line":17,"column":0},"end":{"line":17,"column":43}},"3":{"start":{"line":18,"column":0},"end":{"line":18,"column":57}},"4":{"start":{"line":19,"column":0},"end":{"line":19,"column":49}},"5":{"start":{"line":20,"column":0},"end":{"line":20,"column":43}},"6":{"start":{"line":21,"column":0},"end":{"line":21,"column":43}},"7":{"start":{"line":22,"column":0},"end":{"line":22,"column":67}},"8":{"start":{"line":23,"column":0},"end":{"line":23,"column":53}},"9":{"start":{"line":24,"column":0},"end":{"line":24,"column":53}},"10":{"start":{"line":25,"column":0},"end":{"line":25,"column":61}},"11":{"start":{"line":26,"column":0},"end":{"line":26,"column":49}},"12":{"start":{"line":27,"column":0},"end":{"line":27,"column":58}},"13":{"start":{"line":28,"column":0},"end":{"line":28,"column":71}},"14":{"start":{"line":29,"column":0},"end":{"line":29,"column":77}},"15":{"start":{"line":30,"column":0},"end":{"line":30,"column":42}},"16":{"start":{"line":34,"column":4},"end":{"line":34,"column":28}},"17":{"start":{"line":39,"column":23},"end":{"line":39,"column":31}},"18":{"start":{"line":40,"column":25},"end":{"line":40,"column":49}},"19":{"start":{"line":41,"column":4},"end":{"line":41,"column":186}},"20":{"start":{"line":45,"column":23},"end":{"line":49,"column":6}},"21":{"start":{"line":50,"column":28},"end":{"line":55,"column":6}},"22":{"start":{"line":56,"column":20},"end":{"line":62,"column":6}},"23":{"start":{"line":63,"column":25},"end":{"line":68,"column":6}},"24":{"start":{"line":69,"column":31},"end":{"line":74,"column":6}},"25":{"start":{"line":75,"column":22},"end":{"line":80,"column":6}},"26":{"start":{"line":81,"column":22},"end":{"line":86,"column":6}},"27":{"start":{"line":87,"column":35},"end":{"line":92,"column":6}},"28":{"start":{"line":96,"column":4},"end":{"line":148,"column":6}},"29":{"start":{"line":152,"column":4},"end":{"line":158,"column":7}},"30":{"start":{"line":162,"column":40},"end":{"line":164,"column":6}},"31":{"start":{"line":165,"column":34},"end":{"line":167,"column":6}},"32":{"start":{"line":168,"column":31},"end":{"line":170,"column":6}},"33":{"start":{"line":171,"column":31},"end":{"line":173,"column":6}},"34":{"start":{"line":183,"column":23},"end":{"line":193,"column":6}},"35":{"start":{"line":194,"column":26},"end":{"line":194,"column":79}},"36":{"start":{"line":195,"column":4},"end":{"line":195,"column":75}},"37":{"start":{"line":196,"column":4},"end":{"line":196,"column":80}},"38":{"start":{"line":199,"column":4},"end":{"line":211,"column":6}},"39":{"start":{"line":213,"column":4},"end":{"line":224,"column":6}},"40":{"start":{"line":229,"column":19},"end":{"line":265,"column":6}},"41":{"start":{"line":266,"column":22},"end":{"line":266,"column":71}},"42":{"start":{"line":267,"column":4},"end":{"line":267,"column":71}},"43":{"start":{"line":268,"column":4},"end":{"line":268,"column":76}},"44":{"start":{"line":271,"column":4},"end":{"line":280,"column":6}},"45":{"start":{"line":282,"column":4},"end":{"line":290,"column":6}},"46":{"start":{"line":295,"column":24},"end":{"line":314,"column":6}},"47":{"start":{"line":315,"column":27},"end":{"line":315,"column":81}},"48":{"start":{"line":316,"column":4},"end":{"line":316,"column":76}},"49":{"start":{"line":317,"column":4},"end":{"line":317,"column":81}},"50":{"start":{"line":320,"column":4},"end":{"line":328,"column":6}},"51":{"start":{"line":336,"column":28},"end":{"line":336,"column":72}},"52":{"start":{"line":338,"column":24},"end":{"line":347,"column":6}},"53":{"start":{"line":348,"column":25},"end":{"line":362,"column":6}},"54":{"start":{"line":365,"column":4},"end":{"line":373,"column":6}},"55":{"start":{"line":374,"column":4},"end":{"line":388,"column":6}},"56":{"start":{"line":394,"column":31},"end":{"line":396,"column":6}},"57":{"start":{"line":397,"column":33},"end":{"line":465,"column":6}},"58":{"start":{"line":466,"column":4},"end":{"line":466,"column":58}},"59":{"start":{"line":469,"column":34},"end":{"line":469,"column":94}},"60":{"start":{"line":470,"column":4},"end":{"line":482,"column":6}},"61":{"start":{"line":483,"column":36},"end":{"line":483,"column":100}},"62":{"start":{"line":484,"column":4},"end":{"line":496,"column":6}},"63":{"start":{"line":498,"column":4},"end":{"line":506,"column":6}},"64":{"start":{"line":508,"column":33},"end":{"line":519,"column":6}},"65":{"start":{"line":520,"column":4},"end":{"line":520,"column":64}},"66":{"start":{"line":521,"column":4},"end":{"line":521,"column":66}},"67":{"start":{"line":524,"column":36},"end":{"line":524,"column":105}},"68":{"start":{"line":525,"column":4},"end":{"line":540,"column":6}},"69":{"start":{"line":545,"column":33},"end":{"line":550,"column":6}},"70":{"start":{"line":555,"column":34},"end":{"line":564,"column":6}},"71":{"start":{"line":569,"column":28},"end":{"line":579,"column":6}},"72":{"start":{"line":584,"column":29},"end":{"line":586,"column":6}},"73":{"start":{"line":588,"column":31},"end":{"line":606,"column":6}},"74":{"start":{"line":607,"column":4},"end":{"line":607,"column":54}},"75":{"start":{"line":610,"column":32},"end":{"line":610,"column":90}},"76":{"start":{"line":611,"column":4},"end":{"line":620,"column":6}},"77":{"start":{"line":622,"column":4},"end":{"line":630,"column":6}},"78":{"start":{"line":635,"column":32},"end":{"line":637,"column":6}},"79":{"start":{"line":639,"column":34},"end":{"line":654,"column":6}},"80":{"start":{"line":655,"column":4},"end":{"line":655,"column":60}},"81":{"start":{"line":658,"column":35},"end":{"line":658,"column":96}},"82":{"start":{"line":659,"column":4},"end":{"line":668,"column":6}},"83":{"start":{"line":670,"column":4},"end":{"line":678,"column":6}},"84":{"start":{"line":684,"column":21},"end":{"line":686,"column":6}},"85":{"start":{"line":687,"column":4},"end":{"line":687,"column":92}},"86":{"start":{"line":688,"column":24},"end":{"line":688,"column":75}},"87":{"start":{"line":689,"column":4},"end":{"line":689,"column":49}},"88":{"start":{"line":694,"column":19},"end":{"line":698,"column":6}},"89":{"start":{"line":699,"column":22},"end":{"line":699,"column":71}},"90":{"start":{"line":700,"column":4},"end":{"line":700,"column":47}},"91":{"start":{"line":701,"column":4},"end":{"line":701,"column":49}},"92":{"start":{"line":703,"column":21},"end":{"line":711,"column":6}},"93":{"start":{"line":712,"column":24},"end":{"line":712,"column":75}},"94":{"start":{"line":713,"column":4},"end":{"line":713,"column":49}},"95":{"start":{"line":714,"column":4},"end":{"line":714,"column":51}},"96":{"start":{"line":717,"column":4},"end":{"line":725,"column":6}},"97":{"start":{"line":731,"column":26},"end":{"line":739,"column":6}},"98":{"start":{"line":740,"column":4},"end":{"line":750,"column":7}},"99":{"start":{"line":752,"column":24},"end":{"line":752,"column":85}},"100":{"start":{"line":753,"column":4},"end":{"line":753,"column":73}},"101":{"start":{"line":754,"column":4},"end":{"line":754,"column":78}},"102":{"start":{"line":757,"column":4},"end":{"line":769,"column":6}},"103":{"start":{"line":774,"column":29},"end":{"line":776,"column":6}},"104":{"start":{"line":778,"column":31},"end":{"line":803,"column":6}},"105":{"start":{"line":804,"column":4},"end":{"line":804,"column":54}},"106":{"start":{"line":807,"column":32},"end":{"line":807,"column":90}},"107":{"start":{"line":808,"column":4},"end":{"line":817,"column":6}},"108":{"start":{"line":819,"column":4},"end":{"line":827,"column":6}},"109":{"start":{"line":829,"column":31},"end":{"line":843,"column":6}},"110":{"start":{"line":844,"column":4},"end":{"line":844,"column":60}},"111":{"start":{"line":845,"column":4},"end":{"line":845,"column":62}},"112":{"start":{"line":848,"column":34},"end":{"line":848,"column":101}},"113":{"start":{"line":849,"column":4},"end":{"line":864,"column":6}},"114":{"start":{"line":866,"column":28},"end":{"line":879,"column":6}},"115":{"start":{"line":880,"column":4},"end":{"line":884,"column":7}},"116":{"start":{"line":890,"column":30},"end":{"line":892,"column":6}},"117":{"start":{"line":893,"column":32},"end":{"line":913,"column":6}},"118":{"start":{"line":914,"column":4},"end":{"line":914,"column":56}},"119":{"start":{"line":917,"column":33},"end":{"line":917,"column":92}},"120":{"start":{"line":918,"column":4},"end":{"line":927,"column":6}},"121":{"start":{"line":929,"column":4},"end":{"line":937,"column":6}},"122":{"start":{"line":939,"column":32},"end":{"line":978,"column":6}},"123":{"start":{"line":979,"column":4},"end":{"line":979,"column":62}},"124":{"start":{"line":980,"column":4},"end":{"line":980,"column":64}},"125":{"start":{"line":983,"column":35},"end":{"line":983,"column":103}},"126":{"start":{"line":984,"column":4},"end":{"line":999,"column":6}},"127":{"start":{"line":1004,"column":26},"end":{"line":1006,"column":6}},"128":{"start":{"line":1007,"column":28},"end":{"line":1027,"column":6}},"129":{"start":{"line":1028,"column":4},"end":{"line":1028,"column":48}},"130":{"start":{"line":1031,"column":29},"end":{"line":1031,"column":84}},"131":{"start":{"line":1032,"column":4},"end":{"line":1041,"column":6}},"132":{"start":{"line":1043,"column":4},"end":{"line":1051,"column":6}},"133":{"start":{"line":1053,"column":28},"end":{"line":1065,"column":6}},"134":{"start":{"line":1066,"column":4},"end":{"line":1066,"column":54}},"135":{"start":{"line":1067,"column":4},"end":{"line":1067,"column":56}},"136":{"start":{"line":1070,"column":31},"end":{"line":1070,"column":95}},"137":{"start":{"line":1071,"column":4},"end":{"line":1086,"column":6}},"138":{"start":{"line":1091,"column":29},"end":{"line":1093,"column":6}},"139":{"start":{"line":1094,"column":31},"end":{"line":1114,"column":6}},"140":{"start":{"line":1115,"column":4},"end":{"line":1115,"column":54}},"141":{"start":{"line":1118,"column":32},"end":{"line":1118,"column":90}},"142":{"start":{"line":1119,"column":4},"end":{"line":1128,"column":6}},"143":{"start":{"line":1130,"column":4},"end":{"line":1138,"column":6}},"144":{"start":{"line":1140,"column":31},"end":{"line":1154,"column":6}},"145":{"start":{"line":1155,"column":4},"end":{"line":1155,"column":60}},"146":{"start":{"line":1156,"column":4},"end":{"line":1156,"column":62}},"147":{"start":{"line":1159,"column":34},"end":{"line":1159,"column":101}},"148":{"start":{"line":1160,"column":4},"end":{"line":1175,"column":6}},"149":{"start":{"line":1180,"column":25},"end":{"line":1182,"column":6}},"150":{"start":{"line":1183,"column":27},"end":{"line":1203,"column":6}},"151":{"start":{"line":1204,"column":4},"end":{"line":1204,"column":46}},"152":{"start":{"line":1207,"column":28},"end":{"line":1207,"column":82}},"153":{"start":{"line":1208,"column":4},"end":{"line":1217,"column":6}},"154":{"start":{"line":1219,"column":4},"end":{"line":1227,"column":6}},"155":{"start":{"line":1229,"column":27},"end":{"line":1243,"column":6}},"156":{"start":{"line":1244,"column":4},"end":{"line":1244,"column":52}},"157":{"start":{"line":1245,"column":4},"end":{"line":1245,"column":54}},"158":{"start":{"line":1248,"column":30},"end":{"line":1248,"column":93}},"159":{"start":{"line":1249,"column":4},"end":{"line":1264,"column":6}},"160":{"start":{"line":1269,"column":23},"end":{"line":1271,"column":6}},"161":{"start":{"line":1272,"column":25},"end":{"line":1301,"column":6}},"162":{"start":{"line":1302,"column":4},"end":{"line":1302,"column":42}},"163":{"start":{"line":1305,"column":26},"end":{"line":1305,"column":78}},"164":{"start":{"line":1306,"column":4},"end":{"line":1315,"column":6}},"165":{"start":{"line":1317,"column":4},"end":{"line":1325,"column":6}},"166":{"start":{"line":1327,"column":25},"end":{"line":1342,"column":6}},"167":{"start":{"line":1343,"column":4},"end":{"line":1343,"column":48}},"168":{"start":{"line":1344,"column":4},"end":{"line":1344,"column":50}},"169":{"start":{"line":1347,"column":28},"end":{"line":1347,"column":89}},"170":{"start":{"line":1348,"column":4},"end":{"line":1363,"column":6}},"171":{"start":{"line":1368,"column":31},"end":{"line":1370,"column":6}},"172":{"start":{"line":1371,"column":33},"end":{"line":1395,"column":6}},"173":{"start":{"line":1396,"column":4},"end":{"line":1396,"column":58}},"174":{"start":{"line":1399,"column":34},"end":{"line":1399,"column":94}},"175":{"start":{"line":1400,"column":4},"end":{"line":1409,"column":6}},"176":{"start":{"line":1411,"column":4},"end":{"line":1419,"column":6}},"177":{"start":{"line":1421,"column":33},"end":{"line":1436,"column":6}},"178":{"start":{"line":1437,"column":4},"end":{"line":1437,"column":64}},"179":{"start":{"line":1438,"column":4},"end":{"line":1438,"column":66}},"180":{"start":{"line":1441,"column":36},"end":{"line":1441,"column":105}},"181":{"start":{"line":1442,"column":4},"end":{"line":1457,"column":6}},"182":{"start":{"line":1462,"column":30},"end":{"line":1464,"column":6}},"183":{"start":{"line":1465,"column":32},"end":{"line":1485,"column":6}},"184":{"start":{"line":1486,"column":4},"end":{"line":1486,"column":56}},"185":{"start":{"line":1489,"column":33},"end":{"line":1489,"column":92}},"186":{"start":{"line":1490,"column":4},"end":{"line":1499,"column":6}},"187":{"start":{"line":1501,"column":4},"end":{"line":1509,"column":6}},"188":{"start":{"line":1511,"column":32},"end":{"line":1524,"column":6}},"189":{"start":{"line":1525,"column":4},"end":{"line":1525,"column":62}},"190":{"start":{"line":1526,"column":4},"end":{"line":1526,"column":64}},"191":{"start":{"line":1529,"column":35},"end":{"line":1529,"column":103}},"192":{"start":{"line":1530,"column":4},"end":{"line":1545,"column":6}},"193":{"start":{"line":1550,"column":31},"end":{"line":1552,"column":6}},"194":{"start":{"line":1553,"column":33},"end":{"line":1578,"column":6}},"195":{"start":{"line":1579,"column":4},"end":{"line":1579,"column":58}},"196":{"start":{"line":1582,"column":34},"end":{"line":1582,"column":94}},"197":{"start":{"line":1583,"column":4},"end":{"line":1592,"column":6}},"198":{"start":{"line":1594,"column":4},"end":{"line":1602,"column":6}},"199":{"start":{"line":1604,"column":33},"end":{"line":1618,"column":6}},"200":{"start":{"line":1619,"column":4},"end":{"line":1619,"column":64}},"201":{"start":{"line":1620,"column":4},"end":{"line":1620,"column":66}},"202":{"start":{"line":1623,"column":36},"end":{"line":1623,"column":105}},"203":{"start":{"line":1624,"column":4},"end":{"line":1639,"column":6}},"204":{"start":{"line":1644,"column":32},"end":{"line":1646,"column":6}},"205":{"start":{"line":1647,"column":34},"end":{"line":1672,"column":6}},"206":{"start":{"line":1673,"column":4},"end":{"line":1673,"column":60}},"207":{"start":{"line":1676,"column":35},"end":{"line":1676,"column":96}},"208":{"start":{"line":1677,"column":4},"end":{"line":1686,"column":6}},"209":{"start":{"line":1688,"column":4},"end":{"line":1696,"column":6}},"210":{"start":{"line":1698,"column":34},"end":{"line":1712,"column":6}},"211":{"start":{"line":1713,"column":4},"end":{"line":1713,"column":66}},"212":{"start":{"line":1714,"column":4},"end":{"line":1714,"column":68}},"213":{"start":{"line":1717,"column":37},"end":{"line":1717,"column":107}},"214":{"start":{"line":1718,"column":4},"end":{"line":1733,"column":6}},"215":{"start":{"line":1738,"column":35},"end":{"line":1740,"column":6}},"216":{"start":{"line":1741,"column":37},"end":{"line":1769,"column":6}},"217":{"start":{"line":1770,"column":4},"end":{"line":1770,"column":66}},"218":{"start":{"line":1773,"column":38},"end":{"line":1773,"column":102}},"219":{"start":{"line":1774,"column":4},"end":{"line":1783,"column":6}},"220":{"start":{"line":1784,"column":40},"end":{"line":1784,"column":108}},"221":{"start":{"line":1785,"column":4},"end":{"line":1794,"column":6}},"222":{"start":{"line":1796,"column":4},"end":{"line":1804,"column":6}},"223":{"start":{"line":1806,"column":37},"end":{"line":1822,"column":6}},"224":{"start":{"line":1823,"column":4},"end":{"line":1823,"column":72}},"225":{"start":{"line":1824,"column":4},"end":{"line":1824,"column":74}},"226":{"start":{"line":1827,"column":40},"end":{"line":1827,"column":113}},"227":{"start":{"line":1828,"column":4},"end":{"line":1843,"column":6}},"228":{"start":{"line":1848,"column":30},"end":{"line":1850,"column":6}},"229":{"start":{"line":1852,"column":32},"end":{"line":1876,"column":6}},"230":{"start":{"line":1877,"column":4},"end":{"line":1877,"column":56}},"231":{"start":{"line":1880,"column":33},"end":{"line":1880,"column":92}},"232":{"start":{"line":1881,"column":4},"end":{"line":1890,"column":6}},"233":{"start":{"line":1892,"column":4},"end":{"line":1900,"column":6}},"234":{"start":{"line":1902,"column":32},"end":{"line":1918,"column":6}},"235":{"start":{"line":1919,"column":4},"end":{"line":1919,"column":62}},"236":{"start":{"line":1920,"column":4},"end":{"line":1920,"column":64}},"237":{"start":{"line":1923,"column":35},"end":{"line":1923,"column":103}},"238":{"start":{"line":1924,"column":4},"end":{"line":1939,"column":6}},"239":{"start":{"line":1941,"column":31},"end":{"line":1954,"column":6}},"240":{"start":{"line":1955,"column":4},"end":{"line":1959,"column":7}},"241":{"start":{"line":1960,"column":4},"end":{"line":1964,"column":7}},"242":{"start":{"line":1969,"column":21},"end":{"line":1977,"column":6}},"243":{"start":{"line":1978,"column":4},"end":{"line":1978,"column":53}},"244":{"start":{"line":1983,"column":37},"end":{"line":1985,"column":6}},"245":{"start":{"line":1986,"column":39},"end":{"line":1994,"column":6}},"246":{"start":{"line":1995,"column":4},"end":{"line":1995,"column":70}},"247":{"start":{"line":1998,"column":40},"end":{"line":1998,"column":106}},"248":{"start":{"line":1999,"column":4},"end":{"line":2008,"column":6}},"249":{"start":{"line":2010,"column":4},"end":{"line":2018,"column":6}},"250":{"start":{"line":2024,"column":30},"end":{"line":2027,"column":6}},"251":{"start":{"line":2028,"column":26},"end":{"line":2031,"column":6}},"252":{"start":{"line":2032,"column":37},"end":{"line":2035,"column":6}},"253":{"start":{"line":2036,"column":38},"end":{"line":2039,"column":6}},"254":{"start":{"line":2040,"column":38},"end":{"line":2043,"column":6}},"255":{"start":{"line":2044,"column":38},"end":{"line":2047,"column":6}},"256":{"start":{"line":2048,"column":39},"end":{"line":2051,"column":6}},"257":{"start":{"line":2052,"column":31},"end":{"line":2055,"column":6}},"258":{"start":{"line":2056,"column":25},"end":{"line":2059,"column":6}},"259":{"start":{"line":2060,"column":23},"end":{"line":2063,"column":6}},"260":{"start":{"line":2064,"column":31},"end":{"line":2067,"column":6}},"261":{"start":{"line":2068,"column":24},"end":{"line":2071,"column":6}},"262":{"start":{"line":2072,"column":28},"end":{"line":2075,"column":6}},"263":{"start":{"line":2076,"column":35},"end":{"line":2079,"column":6}},"264":{"start":{"line":2080,"column":31},"end":{"line":2083,"column":6}},"265":{"start":{"line":2084,"column":26},"end":{"line":2084,"column":56}},"266":{"start":{"line":2095,"column":4},"end":{"line":2095,"column":55}},"267":{"start":{"line":2096,"column":37},"end":{"line":2101,"column":39}},"268":{"start":{"line":2103,"column":27},"end":{"line":2107,"column":6}},"269":{"start":{"line":2110,"column":4},"end":{"line":2121,"column":6}},"270":{"start":{"line":2141,"column":38},"end":{"line":2158,"column":38}},"271":{"start":{"line":2160,"column":28},"end":{"line":2164,"column":6}},"272":{"start":{"line":2167,"column":4},"end":{"line":2178,"column":6}},"273":{"start":{"line":2195,"column":4},"end":{"line":2195,"column":51}},"274":{"start":{"line":2196,"column":29},"end":{"line":2196,"column":73}},"275":{"start":{"line":2197,"column":4},"end":{"line":2199,"column":32}},"276":{"start":{"line":2201,"column":4},"end":{"line":2201,"column":46}},"277":{"start":{"line":2202,"column":22},"end":{"line":2202,"column":56}},"278":{"start":{"line":2203,"column":4},"end":{"line":2205,"column":35}},"279":{"start":{"line":2207,"column":24},"end":{"line":2209,"column":22}},"280":{"start":{"line":2211,"column":4},"end":{"line":2211,"column":45}},"281":{"start":{"line":2212,"column":31},"end":{"line":2212,"column":74}},"282":{"start":{"line":2213,"column":4},"end":{"line":2215,"column":30}},"283":{"start":{"line":2217,"column":4},"end":{"line":2217,"column":41}},"284":{"start":{"line":2218,"column":4},"end":{"line":2218,"column":45}},"285":{"start":{"line":2219,"column":32},"end":{"line":2222,"column":36}},"286":{"start":{"line":2224,"column":38},"end":{"line":2225,"column":32}},"287":{"start":{"line":2227,"column":28},"end":{"line":2231,"column":6}},"288":{"start":{"line":2234,"column":38},"end":{"line":2234,"column":108}},"289":{"start":{"line":2235,"column":29},"end":{"line":2235,"column":91}},"290":{"start":{"line":2236,"column":4},"end":{"line":2245,"column":6}},"291":{"start":{"line":2247,"column":4},"end":{"line":2258,"column":6}},"292":{"start":{"line":2259,"column":4},"end":{"line":2267,"column":6}},"293":{"start":{"line":2273,"column":17},"end":{"line":2278,"column":6}},"294":{"start":{"line":2283,"column":4},"end":{"line":2296,"column":7}},"295":{"start":{"line":2301,"column":28},"end":{"line":2301,"column":114}},"296":{"start":{"line":2302,"column":27},"end":{"line":2311,"column":6}},"297":{"start":{"line":2312,"column":24},"end":{"line":2315,"column":6}},"298":{"start":{"line":2316,"column":4},"end":{"line":2316,"column":52}},"299":{"start":{"line":2317,"column":4},"end":{"line":2317,"column":69}},"300":{"start":{"line":2318,"column":4},"end":{"line":2318,"column":73}},"301":{"start":{"line":2319,"column":4},"end":{"line":2319,"column":77}},"302":{"start":{"line":2320,"column":4},"end":{"line":2320,"column":79}},"303":{"start":{"line":2322,"column":4},"end":{"line":2322,"column":51}},"304":{"start":{"line":2323,"column":4},"end":{"line":2323,"column":56}},"305":{"start":{"line":2329,"column":4},"end":{"line":2333,"column":7}},"306":{"start":{"line":2334,"column":4},"end":{"line":2338,"column":7}},"307":{"start":{"line":2339,"column":4},"end":{"line":2343,"column":7}},"308":{"start":{"line":2344,"column":4},"end":{"line":2348,"column":7}},"309":{"start":{"line":2349,"column":4},"end":{"line":2353,"column":7}},"310":{"start":{"line":2354,"column":4},"end":{"line":2358,"column":7}},"311":{"start":{"line":2359,"column":4},"end":{"line":2363,"column":7}},"312":{"start":{"line":2364,"column":4},"end":{"line":2368,"column":7}},"313":{"start":{"line":2369,"column":4},"end":{"line":2373,"column":7}},"314":{"start":{"line":2378,"column":4},"end":{"line":2378,"column":52}},"315":{"start":{"line":32,"column":0},"end":{"line":32,"column":13}}},"fnMap":{"0":{"name":"(anonymous_0)","decl":{"start":{"line":33,"column":2},"end":{"line":33,"column":14}},"loc":{"start":{"line":33,"column":66},"end":{"line":2380,"column":3}}}},"branchMap":{},"s":{"0":1,"1":1,"2":1,"3":1,"4":1,"5":1,"6":1,"7":1,"8":1,"9":1,"10":1,"11":1,"12":1,"13":1,"14":1,"15":1,"16":1,"17":1,"18":1,"19":1,"20":1,"21":1,"22":1,"23":1,"24":1,"25":1,"26":1,"27":1,"28":1,"29":1,"30":1,"31":1,"32":1,"33":1,"34":1,"35":1,"36":1,"37":1,"38":1,"39":1,"40":1,"41":1,"42":1,"43":1,"44":1,"45":1,"46":1,"47":1,"48":1,"49":1,"50":1,"51":1,"52":1,"53":1,"54":1,"55":1,"56":1,"57":1,"58":1,"59":1,"60":1,"61":1,"62":1,"63":1,"64":1,"65":1,"66":1,"67":1,"68":1,"69":1,"70":1,"71":1,"72":1,"73":1,"74":1,"75":1,"76":1,"77":1,"78":1,"79":1,"80":1,"81":1,"82":1,"83":1,"84":1,"85":1,"86":1,"87":1,"88":1,"89":1,"90":1,"91":1,"92":1,"93":1,"94":1,"95":1,"96":1,"97":1,"98":1,"99":1,"100":1,"101":1,"102":1,"103":1,"104":1,"105":1,"106":1,"107":1,"108":1,"109":1,"110":1,"111":1,"112":1,"113":1,"114":1,"115":1,"116":1,"117":1,"118":1,"119":1,"120":1,"121":1,"122":1,"123":1,"124":1,"125":1,"126":1,"127":1,"128":1,"129":1,"130":1,"131":1,"132":1,"133":1,"134":1,"135":1,"136":1,"137":1,"138":1,"139":1,"140":1,"141":1,"142":1,"143":1,"144":1,"145":1,"146":1,"147":1,"148":1,"149":1,"150":1,"151":1,"152":1,"153":1,"154":1,"155":1,"156":1,"157":1,"158":1,"159":1,"160":1,"161":1,"162":1,"163":1,"164":1,"165":1,"166":1,"167":1,"168":1,"169":1,"170":1,"171":1,"172":1,"173":1,"174":1,"175":1,"176":1,"177":1,"178":1,"179":1,"180":1,"181":1,"182":1,"183":1,"184":1,"185":1,"186":1,"187":1,"188":1,"189":1,"190":1,"191":1,"192":1,"193":1,"194":1,"195":1,"196":1,"197":1,"198":1,"199":1,"200":1,"201":1,"202":1,"203":1,"204":1,"205":1,"206":1,"207":1,"208":1,"209":1,"210":1,"211":1,"212":1,"213":1,"214":1,"215":1,"216":1,"217":1,"218":1,"219":1,"220":1,"221":1,"222":1,"223":1,"224":1,"225":1,"226":1,"227":1,"228":1,"229":1,"230":1,"231":1,"232":1,"233":1,"234":1,"235":1,"236":1,"237":1,"238":1,"239":1,"240":1,"241":1,"242":1,"243":1,"244":1,"245":1,"246":1,"247":1,"248":1,"249":1,"250":1,"251":1,"252":1,"253":1,"254":1,"255":1,"256":1,"257":1,"258":1,"259":1,"260":1,"261":1,"262":1,"263":1,"264":1,"265":1,"266":1,"267":1,"268":1,"269":1,"270":1,"271":1,"272":1,"273":1,"274":1,"275":1,"276":1,"277":1,"278":1,"279":1,"280":1,"281":1,"282":1,"283":1,"284":1,"285":1,"286":1,"287":1,"288":1,"289":1,"290":1,"291":1,"292":1,"293":1,"294":1,"295":1,"296":1,"297":1,"298":1,"299":1,"300":1,"301":1,"302":1,"303":1,"304":1,"305":1,"306":1,"307":1,"308":1,"309":1,"310":1,"311":1,"312":1,"313":1,"314":1,"315":1},"f":{"0":1},"b":{}}
}
