TN:
SF:lib/vod-stack.ts
FN:33,(anonymous_0)
FNF:1
FNH:1
FNDA:1,(anonymous_0)
DA:14,1
DA:16,1
DA:17,1
DA:18,1
DA:19,1
DA:20,1
DA:21,1
DA:22,1
DA:23,1
DA:24,1
DA:25,1
DA:26,1
DA:27,1
DA:28,1
DA:29,1
DA:30,1
DA:32,1
DA:34,1
DA:39,1
DA:40,1
DA:41,1
DA:45,1
DA:50,1
DA:56,1
DA:63,1
DA:69,1
DA:75,1
DA:81,1
DA:87,1
DA:96,1
DA:152,1
DA:162,1
DA:165,1
DA:168,1
DA:171,1
DA:183,1
DA:194,1
DA:195,1
DA:196,1
DA:199,1
DA:213,1
DA:229,1
DA:266,1
DA:267,1
DA:268,1
DA:271,1
DA:282,1
DA:295,1
DA:315,1
DA:316,1
DA:317,1
DA:320,1
DA:336,1
DA:338,1
DA:348,1
DA:365,1
DA:374,1
DA:394,1
DA:397,1
DA:466,1
DA:469,1
DA:470,1
DA:483,1
DA:484,1
DA:498,1
DA:508,1
DA:520,1
DA:521,1
DA:524,1
DA:525,1
DA:545,1
DA:555,1
DA:569,1
DA:584,1
DA:588,1
DA:607,1
DA:610,1
DA:611,1
DA:622,1
DA:635,1
DA:639,1
DA:655,1
DA:658,1
DA:659,1
DA:670,1
DA:684,1
DA:687,1
DA:688,1
DA:689,1
DA:694,1
DA:699,1
DA:700,1
DA:701,1
DA:703,1
DA:712,1
DA:713,1
DA:714,1
DA:717,1
DA:731,1
DA:740,1
DA:752,1
DA:753,1
DA:754,1
DA:757,1
DA:774,1
DA:778,1
DA:804,1
DA:807,1
DA:808,1
DA:819,1
DA:829,1
DA:844,1
DA:845,1
DA:848,1
DA:849,1
DA:866,1
DA:880,1
DA:890,1
DA:893,1
DA:914,1
DA:917,1
DA:918,1
DA:929,1
DA:939,1
DA:979,1
DA:980,1
DA:983,1
DA:984,1
DA:1004,1
DA:1007,1
DA:1028,1
DA:1031,1
DA:1032,1
DA:1043,1
DA:1053,1
DA:1066,1
DA:1067,1
DA:1070,1
DA:1071,1
DA:1091,1
DA:1094,1
DA:1115,1
DA:1118,1
DA:1119,1
DA:1130,1
DA:1140,1
DA:1155,1
DA:1156,1
DA:1159,1
DA:1160,1
DA:1180,1
DA:1183,1
DA:1204,1
DA:1207,1
DA:1208,1
DA:1219,1
DA:1229,1
DA:1244,1
DA:1245,1
DA:1248,1
DA:1249,1
DA:1269,1
DA:1272,1
DA:1302,1
DA:1305,1
DA:1306,1
DA:1317,1
DA:1327,1
DA:1343,1
DA:1344,1
DA:1347,1
DA:1348,1
DA:1368,1
DA:1371,1
DA:1396,1
DA:1399,1
DA:1400,1
DA:1411,1
DA:1421,1
DA:1437,1
DA:1438,1
DA:1441,1
DA:1442,1
DA:1462,1
DA:1465,1
DA:1486,1
DA:1489,1
DA:1490,1
DA:1501,1
DA:1511,1
DA:1525,1
DA:1526,1
DA:1529,1
DA:1530,1
DA:1550,1
DA:1553,1
DA:1579,1
DA:1582,1
DA:1583,1
DA:1594,1
DA:1604,1
DA:1619,1
DA:1620,1
DA:1623,1
DA:1624,1
DA:1644,1
DA:1647,1
DA:1673,1
DA:1676,1
DA:1677,1
DA:1688,1
DA:1698,1
DA:1713,1
DA:1714,1
DA:1717,1
DA:1718,1
DA:1738,1
DA:1741,1
DA:1770,1
DA:1773,1
DA:1774,1
DA:1784,1
DA:1785,1
DA:1796,1
DA:1806,1
DA:1823,1
DA:1824,1
DA:1827,1
DA:1828,1
DA:1848,1
DA:1852,1
DA:1877,1
DA:1880,1
DA:1881,1
DA:1892,1
DA:1902,1
DA:1919,1
DA:1920,1
DA:1923,1
DA:1924,1
DA:1941,1
DA:1955,1
DA:1960,1
DA:1969,1
DA:1978,1
DA:1983,1
DA:1986,1
DA:1995,1
DA:1998,1
DA:1999,1
DA:2010,1
DA:2024,1
DA:2028,1
DA:2032,1
DA:2036,1
DA:2040,1
DA:2044,1
DA:2048,1
DA:2052,1
DA:2056,1
DA:2060,1
DA:2064,1
DA:2068,1
DA:2072,1
DA:2076,1
DA:2080,1
DA:2084,1
DA:2095,1
DA:2096,1
DA:2103,1
DA:2110,1
DA:2141,1
DA:2160,1
DA:2167,1
DA:2195,1
DA:2196,1
DA:2197,1
DA:2201,1
DA:2202,1
DA:2203,1
DA:2207,1
DA:2211,1
DA:2212,1
DA:2213,1
DA:2217,1
DA:2218,1
DA:2219,1
DA:2224,1
DA:2227,1
DA:2234,1
DA:2235,1
DA:2236,1
DA:2247,1
DA:2259,1
DA:2273,1
DA:2283,1
DA:2301,1
DA:2302,1
DA:2312,1
DA:2316,1
DA:2317,1
DA:2318,1
DA:2319,1
DA:2320,1
DA:2322,1
DA:2323,1
DA:2329,1
DA:2334,1
DA:2339,1
DA:2344,1
DA:2349,1
DA:2354,1
DA:2359,1
DA:2364,1
DA:2369,1
DA:2378,1
LF:316
LH:316
BRF:0
BRH:0
end_of_record
