TN:
SF:lib/vod-stack.ts
FN:34,(anonymous_0)
FNF:1
FNH:1
FNDA:1,(anonymous_0)
DA:14,1
DA:16,1
DA:17,1
DA:18,1
DA:19,1
DA:20,1
DA:21,1
DA:22,1
DA:23,1
DA:24,1
DA:25,1
DA:26,1
DA:27,1
DA:28,1
DA:30,1
DA:31,1
DA:33,1
DA:35,1
DA:40,1
DA:41,1
DA:42,1
DA:46,1
DA:51,1
DA:57,1
DA:64,1
DA:70,1
DA:76,1
DA:82,1
DA:88,1
DA:97,1
DA:153,1
DA:163,1
DA:166,1
DA:169,1
DA:172,1
DA:184,1
DA:195,1
DA:196,1
DA:197,1
DA:200,1
DA:214,1
DA:230,1
DA:267,1
DA:268,1
DA:269,1
DA:272,1
DA:283,1
DA:296,1
DA:316,1
DA:317,1
DA:318,1
DA:321,1
DA:337,1
DA:346,1
DA:363,1
DA:372,1
DA:392,1
DA:395,1
DA:464,1
DA:467,1
DA:468,1
DA:481,1
DA:482,1
DA:496,1
DA:506,1
DA:518,1
DA:519,1
DA:522,1
DA:523,1
DA:543,1
DA:553,1
DA:567,1
DA:582,1
DA:586,1
DA:605,1
DA:608,1
DA:609,1
DA:620,1
DA:633,1
DA:637,1
DA:653,1
DA:656,1
DA:657,1
DA:668,1
DA:682,1
DA:685,1
DA:686,1
DA:687,1
DA:692,1
DA:697,1
DA:698,1
DA:699,1
DA:701,1
DA:710,1
DA:711,1
DA:712,1
DA:715,1
DA:729,1
DA:738,1
DA:750,1
DA:751,1
DA:752,1
DA:755,1
DA:772,1
DA:776,1
DA:802,1
DA:805,1
DA:806,1
DA:817,1
DA:827,1
DA:842,1
DA:843,1
DA:846,1
DA:847,1
DA:864,1
DA:878,1
DA:888,1
DA:891,1
DA:912,1
DA:915,1
DA:916,1
DA:927,1
DA:937,1
DA:977,1
DA:978,1
DA:981,1
DA:982,1
DA:1002,1
DA:1005,1
DA:1026,1
DA:1029,1
DA:1030,1
DA:1041,1
DA:1051,1
DA:1064,1
DA:1065,1
DA:1068,1
DA:1069,1
DA:1089,1
DA:1092,1
DA:1113,1
DA:1116,1
DA:1117,1
DA:1128,1
DA:1138,1
DA:1153,1
DA:1154,1
DA:1157,1
DA:1158,1
DA:1178,1
DA:1181,1
DA:1202,1
DA:1205,1
DA:1206,1
DA:1217,1
DA:1227,1
DA:1242,1
DA:1243,1
DA:1246,1
DA:1247,1
DA:1267,1
DA:1270,1
DA:1300,1
DA:1303,1
DA:1304,1
DA:1315,1
DA:1325,1
DA:1341,1
DA:1342,1
DA:1345,1
DA:1346,1
DA:1366,1
DA:1369,1
DA:1394,1
DA:1397,1
DA:1398,1
DA:1409,1
DA:1419,1
DA:1435,1
DA:1436,1
DA:1439,1
DA:1440,1
DA:1460,1
DA:1463,1
DA:1484,1
DA:1487,1
DA:1488,1
DA:1499,1
DA:1509,1
DA:1523,1
DA:1524,1
DA:1527,1
DA:1528,1
DA:1548,1
DA:1551,1
DA:1577,1
DA:1580,1
DA:1581,1
DA:1592,1
DA:1602,1
DA:1617,1
DA:1618,1
DA:1621,1
DA:1622,1
DA:1642,1
DA:1645,1
DA:1671,1
DA:1674,1
DA:1675,1
DA:1686,1
DA:1696,1
DA:1711,1
DA:1712,1
DA:1715,1
DA:1716,1
DA:1736,1
DA:1739,1
DA:1768,1
DA:1771,1
DA:1772,1
DA:1782,1
DA:1783,1
DA:1794,1
DA:1804,1
DA:1821,1
DA:1822,1
DA:1825,1
DA:1826,1
DA:1846,1
DA:1850,1
DA:1875,1
DA:1878,1
DA:1879,1
DA:1890,1
DA:1900,1
DA:1917,1
DA:1918,1
DA:1921,1
DA:1922,1
DA:1939,1
DA:1953,1
DA:1958,1
DA:1967,1
DA:1976,1
DA:1981,1
DA:1984,1
DA:1993,1
DA:1996,1
DA:1997,1
DA:2008,1
DA:2022,1
DA:2026,1
DA:2030,1
DA:2034,1
DA:2038,1
DA:2042,1
DA:2046,1
DA:2050,1
DA:2054,1
DA:2058,1
DA:2062,1
DA:2066,1
DA:2070,1
DA:2074,1
DA:2078,1
DA:2082,1
DA:2093,1
DA:2094,1
DA:2101,1
DA:2108,1
DA:2139,1
DA:2158,1
DA:2165,1
DA:2193,1
DA:2194,1
DA:2195,1
DA:2199,1
DA:2200,1
DA:2201,1
DA:2205,1
DA:2209,1
DA:2210,1
DA:2211,1
DA:2215,1
DA:2216,1
DA:2217,1
DA:2222,1
DA:2225,1
DA:2232,1
DA:2233,1
DA:2234,1
DA:2245,1
DA:2257,1
DA:2271,1
DA:2281,1
DA:2299,1
DA:2300,1
DA:2310,1
DA:2314,1
DA:2315,1
DA:2316,1
DA:2317,1
DA:2318,1
DA:2319,1
DA:2321,1
DA:2322,1
DA:2328,1
DA:2333,1
DA:2338,1
DA:2343,1
DA:2348,1
DA:2353,1
DA:2358,1
DA:2363,1
DA:2368,1
DA:2377,1
LF:316
LH:316
BRF:0
BRH:0
end_of_record
