TN:
SF:media-package-assets/index.js
FN:18,(anonymous_0)
FN:35,(anonymous_1)
FN:39,(anonymous_2)
FN:49,(anonymous_3)
FNF:4
FNH:4
FNDA:5,(anonymous_0)
FNDA:1,(anonymous_1)
FNDA:2,(anonymous_2)
FNDA:2,(anonymous_3)
DA:14,1
DA:15,1
DA:16,1
DA:18,1
DA:19,5
DA:21,5
DA:22,1
DA:25,4
DA:26,4
DA:35,1
DA:36,1
DA:37,1
DA:39,1
DA:40,2
DA:41,2
DA:43,2
DA:46,1
DA:49,1
DA:50,2
DA:52,2
DA:53,2
DA:55,2
DA:56,2
DA:63,2
DA:65,2
DA:66,2
DA:67,1
DA:68,1
DA:69,1
DA:71,1
DA:72,1
DA:75,1
DA:78,1
LF:33
LH:33
BRDA:21,0,0,1
BRDA:21,0,1,4
BRF:2
BRH:2
end_of_record
TN:
SF:media-package-assets/lib/error.js
FN:16,(anonymous_0)
FNF:1
FNH:1
FNDA:1,(anonymous_0)
DA:14,1
DA:16,1
DA:17,1
DA:21,1
DA:22,1
DA:29,1
DA:34,1
DA:36,0
DA:37,0
DA:40,1
DA:43,1
LF:11
LH:9
BRF:0
BRH:0
end_of_record
