TN:
SF:input-validate/index.js
FN:18,(anonymous_0)
FN:64,(anonymous_1)
FNF:2
FNH:2
FNDA:5,(anonymous_0)
FNDA:12,(anonymous_1)
DA:14,1
DA:15,1
DA:16,1
DA:18,1
DA:19,5
DA:21,5
DA:24,5
DA:27,5
DA:47,5
DA:49,4
DA:51,4
DA:52,4
DA:55,4
DA:57,3
DA:58,3
DA:59,0
DA:64,3
DA:65,12
DA:66,12
DA:70,3
DA:72,3
DA:75,1
DA:76,1
DA:79,0
DA:83,4
DA:85,1
DA:86,1
DA:89,4
LF:28
LH:26
BRDA:47,0,0,4
BRDA:47,0,1,1
BRDA:47,0,2,0
BRDA:58,1,0,0
BRDA:58,1,1,3
BRF:5
BRH:3
end_of_record
TN:
SF:input-validate/lib/error.js
FN:16,(anonymous_0)
FNF:1
FNH:1
FNDA:1,(anonymous_0)
DA:14,1
DA:16,1
DA:17,1
DA:21,1
DA:22,1
DA:29,1
DA:34,1
DA:36,0
DA:37,0
DA:40,1
DA:43,1
LF:11
LH:9
BRF:0
BRH:0
end_of_record
