TN:
SF:sns-notification/index.js
FN:32,(anonymous_0)
FN:59,(anonymous_1)
FNF:2
FNH:2
FNDA:5,(anonymous_0)
FNDA:12,(anonymous_1)
DA:14,1
DA:15,1
DA:17,1
DA:32,1
DA:33,5
DA:35,5
DA:40,5
DA:42,5
DA:43,5
DA:45,5
DA:46,2
DA:47,2
DA:48,2
DA:49,2
DA:50,2
DA:51,2
DA:52,2
DA:54,2
DA:59,12
DA:61,3
DA:62,2
DA:68,1
DA:71,4
DA:73,4
DA:79,4
DA:81,2
DA:82,2
DA:85,3
LF:28
LH:28
BRDA:45,0,0,2
BRDA:45,0,1,3
BRDA:54,1,0,1
BRDA:54,1,1,1
BRDA:61,2,0,2
BRDA:61,2,1,1
BRF:6
BRH:6
end_of_record
TN:
SF:sns-notification/lib/error.js
FN:16,(anonymous_0)
FNF:1
FNH:1
FNDA:2,(anonymous_0)
DA:14,1
DA:16,1
DA:17,2
DA:21,2
DA:22,2
DA:29,2
DA:34,2
DA:36,0
DA:37,0
DA:40,2
DA:43,1
LF:11
LH:9
BRF:0
BRH:0
end_of_record
